ARM GAS  /tmp/ccJMlBW2.s 			page 1


   1              		.syntax unified
   2              		.cpu cortex-m4
   3              		.eabi_attribute 27, 1
   4              		.fpu fpv4-sp-d16
   5              		.eabi_attribute 20, 1
   6              		.eabi_attribute 21, 1
   7              		.eabi_attribute 23, 3
   8              		.eabi_attribute 24, 1
   9              		.eabi_attribute 25, 1
  10              		.eabi_attribute 26, 1
  11              		.eabi_attribute 30, 6
  12              		.eabi_attribute 34, 1
  13              		.eabi_attribute 18, 4
  14              		.thumb
  15              		.syntax unified
  16              		.file	"hihatchannel.c"
  17              		.text
  18              	.Ltext0:
  19              		.cfi_sections	.debug_frame
  20              		.comm	midiMessagebuffer,4,4
  21              		.section	.text.hihatchannel_init,"ax",%progbits
  22              		.align	2
  23              		.global	hihatchannel_init
  24              		.thumb
  25              		.thumb_func
  27              	hihatchannel_init:
  28              	.LFB112:
  29              		.file 1 "Src/hihatchannel.c"
   1:Src/hihatchannel.c **** /*
   2:Src/hihatchannel.c ****  * hihatchannel.c
   3:Src/hihatchannel.c ****  *
   4:Src/hihatchannel.c ****  *  Created on: 23.05.2015
   5:Src/hihatchannel.c ****  *      Author: raphael
   6:Src/hihatchannel.c ****  */
   7:Src/hihatchannel.c **** 
   8:Src/hihatchannel.c **** 
   9:Src/hihatchannel.c **** #include "../Inc/hihatchannel.h"
  10:Src/hihatchannel.c **** #include "stm32f3xx_hal.h"
  11:Src/hihatchannel.c **** #include "stm32f3xx.h"
  12:Src/hihatchannel.c **** #include "midi.h"
  13:Src/hihatchannel.c **** 
  14:Src/hihatchannel.c **** extern UART_HandleTypeDef huart1;
  15:Src/hihatchannel.c **** 
  16:Src/hihatchannel.c **** void hihatchannel_init(HiHatChannel *chan, uint32_t *dma_address, TriggerChannel *relatedTrigger){
  30              		.loc 1 16 0
  31              		.cfi_startproc
  32              		@ args = 0, pretend = 0, frame = 16
  33              		@ frame_needed = 1, uses_anonymous_args = 0
  34              		@ link register save eliminated.
  35 0000 80B4     		push	{r7}
  36              	.LCFI0:
  37              		.cfi_def_cfa_offset 4
  38              		.cfi_offset 7, -4
  39 0002 85B0     		sub	sp, sp, #20
  40              	.LCFI1:
  41              		.cfi_def_cfa_offset 24
  42 0004 00AF     		add	r7, sp, #0
ARM GAS  /tmp/ccJMlBW2.s 			page 2


  43              	.LCFI2:
  44              		.cfi_def_cfa_register 7
  45 0006 F860     		str	r0, [r7, #12]
  46 0008 B960     		str	r1, [r7, #8]
  47 000a 7A60     		str	r2, [r7, #4]
  17:Src/hihatchannel.c **** 	chan->closed = 0;
  48              		.loc 1 17 0
  49 000c FB68     		ldr	r3, [r7, #12]
  50 000e 0022     		movs	r2, #0
  51 0010 1A61     		str	r2, [r3, #16]
  18:Src/hihatchannel.c **** 	chan->max_value = 2000;
  52              		.loc 1 18 0
  53 0012 FB68     		ldr	r3, [r7, #12]
  54 0014 4FF4FA62 		mov	r2, #2000
  55 0018 1A60     		str	r2, [r3]
  19:Src/hihatchannel.c **** 	chan->last_send_value = 0;
  56              		.loc 1 19 0
  57 001a FB68     		ldr	r3, [r7, #12]
  58 001c 0022     		movs	r2, #0
  59 001e 5A60     		str	r2, [r3, #4]
  20:Src/hihatchannel.c **** 	chan->intervalls_since_last_change = 0;
  60              		.loc 1 20 0
  61 0020 FB68     		ldr	r3, [r7, #12]
  62 0022 0022     		movs	r2, #0
  63 0024 9A60     		str	r2, [r3, #8]
  21:Src/hihatchannel.c **** 	chan->intervalls_since_last_controlChange = 0;
  64              		.loc 1 21 0
  65 0026 FB68     		ldr	r3, [r7, #12]
  66 0028 0022     		movs	r2, #0
  67 002a DA60     		str	r2, [r3, #12]
  22:Src/hihatchannel.c **** 	chan->dma_value_ptr = dma_address;
  68              		.loc 1 22 0
  69 002c FB68     		ldr	r3, [r7, #12]
  70 002e BA68     		ldr	r2, [r7, #8]
  71 0030 5A61     		str	r2, [r3, #20]
  23:Src/hihatchannel.c **** 
  24:Src/hihatchannel.c **** 	//calibration settings default
  25:Src/hihatchannel.c **** 	chan->offset_to_send = 100;
  72              		.loc 1 25 0
  73 0032 FB68     		ldr	r3, [r7, #12]
  74 0034 6422     		movs	r2, #100
  75 0036 9A61     		str	r2, [r3, #24]
  26:Src/hihatchannel.c **** 	chan->send_controlChange_delay = 5;
  76              		.loc 1 26 0
  77 0038 FB68     		ldr	r3, [r7, #12]
  78 003a 0522     		movs	r2, #5
  79 003c DA61     		str	r2, [r3, #28]
  27:Src/hihatchannel.c **** 	chan->closedValue = 700;
  80              		.loc 1 27 0
  81 003e FB68     		ldr	r3, [r7, #12]
  82 0040 4FF42F72 		mov	r2, #700
  83 0044 1A62     		str	r2, [r3, #32]
  28:Src/hihatchannel.c **** 	chan->openedValue = 1200;
  84              		.loc 1 28 0
  85 0046 FB68     		ldr	r3, [r7, #12]
  86 0048 4FF49662 		mov	r2, #1200
  87 004c 5A62     		str	r2, [r3, #36]
ARM GAS  /tmp/ccJMlBW2.s 			page 3


  29:Src/hihatchannel.c **** 	chan->velocityFactor = 1;
  88              		.loc 1 29 0
  89 004e FB68     		ldr	r3, [r7, #12]
  90 0050 4FF07E52 		mov	r2, #1065353216
  91 0054 9A62     		str	r2, [r3, #40]	@ float
  30:Src/hihatchannel.c **** 
  31:Src/hihatchannel.c **** 
  32:Src/hihatchannel.c **** 	//midi settings
  33:Src/hihatchannel.c **** 	chan->midi_control = 0x04;
  92              		.loc 1 33 0
  93 0056 FB68     		ldr	r3, [r7, #12]
  94 0058 0422     		movs	r2, #4
  95 005a DA62     		str	r2, [r3, #44]
  34:Src/hihatchannel.c **** 	chan->midi_pedal_note = 44;
  96              		.loc 1 34 0
  97 005c FB68     		ldr	r3, [r7, #12]
  98 005e 2C22     		movs	r2, #44
  99 0060 1A63     		str	r2, [r3, #48]
  35:Src/hihatchannel.c **** 	chan->midi_note_open = 46;
 100              		.loc 1 35 0
 101 0062 FB68     		ldr	r3, [r7, #12]
 102 0064 2E22     		movs	r2, #46
 103 0066 9A63     		str	r2, [r3, #56]
  36:Src/hihatchannel.c **** 	chan->midi_note_closed =42;
 104              		.loc 1 36 0
 105 0068 FB68     		ldr	r3, [r7, #12]
 106 006a 2A22     		movs	r2, #42
 107 006c DA63     		str	r2, [r3, #60]
  37:Src/hihatchannel.c **** 	chan->relatedTriggerpad = relatedTrigger;
 108              		.loc 1 37 0
 109 006e FB68     		ldr	r3, [r7, #12]
 110 0070 7A68     		ldr	r2, [r7, #4]
 111 0072 5A63     		str	r2, [r3, #52]
  38:Src/hihatchannel.c **** 	chan->sendControlChange = 1;
 112              		.loc 1 38 0
 113 0074 FB68     		ldr	r3, [r7, #12]
 114 0076 0122     		movs	r2, #1
 115 0078 83F84020 		strb	r2, [r3, #64]
  39:Src/hihatchannel.c **** }
 116              		.loc 1 39 0
 117 007c 00BF     		nop
 118 007e 1437     		adds	r7, r7, #20
 119              	.LCFI3:
 120              		.cfi_def_cfa_offset 4
 121 0080 BD46     		mov	sp, r7
 122              	.LCFI4:
 123              		.cfi_def_cfa_register 13
 124              		@ sp needed
 125 0082 5DF8047B 		ldr	r7, [sp], #4
 126              	.LCFI5:
 127              		.cfi_restore 7
 128              		.cfi_def_cfa_offset 0
 129 0086 7047     		bx	lr
 130              		.cfi_endproc
 131              	.LFE112:
 133              		.comm	buffer,80,4
 134              		.section	.text.hihatchannel_process,"ax",%progbits
ARM GAS  /tmp/ccJMlBW2.s 			page 4


 135              		.align	2
 136              		.global	hihatchannel_process
 137              		.thumb
 138              		.thumb_func
 140              	hihatchannel_process:
 141              	.LFB113:
  40:Src/hihatchannel.c **** 
  41:Src/hihatchannel.c **** 
  42:Src/hihatchannel.c **** int buffer[20];
  43:Src/hihatchannel.c **** void hihatchannel_process(HiHatChannel *chan){
 142              		.loc 1 43 0
 143              		.cfi_startproc
 144              		@ args = 0, pretend = 0, frame = 16
 145              		@ frame_needed = 1, uses_anonymous_args = 0
 146 0000 80B5     		push	{r7, lr}
 147              	.LCFI6:
 148              		.cfi_def_cfa_offset 8
 149              		.cfi_offset 7, -8
 150              		.cfi_offset 14, -4
 151 0002 84B0     		sub	sp, sp, #16
 152              	.LCFI7:
 153              		.cfi_def_cfa_offset 24
 154 0004 00AF     		add	r7, sp, #0
 155              	.LCFI8:
 156              		.cfi_def_cfa_register 7
 157 0006 7860     		str	r0, [r7, #4]
  44:Src/hihatchannel.c **** 	uint32_t value = *chan->dma_value_ptr;
 158              		.loc 1 44 0
 159 0008 7B68     		ldr	r3, [r7, #4]
 160 000a 5B69     		ldr	r3, [r3, #20]
 161 000c 1B68     		ldr	r3, [r3]
 162 000e FB60     		str	r3, [r7, #12]
  45:Src/hihatchannel.c **** 
  46:Src/hihatchannel.c **** 	//check maximum value;
  47:Src/hihatchannel.c **** 	if(value > chan->max_value) chan->max_value = value;
 163              		.loc 1 47 0
 164 0010 7B68     		ldr	r3, [r7, #4]
 165 0012 1A68     		ldr	r2, [r3]
 166 0014 FB68     		ldr	r3, [r7, #12]
 167 0016 9A42     		cmp	r2, r3
 168 0018 02D2     		bcs	.L3
 169              		.loc 1 47 0 is_stmt 0 discriminator 1
 170 001a 7B68     		ldr	r3, [r7, #4]
 171 001c FA68     		ldr	r2, [r7, #12]
 172 001e 1A60     		str	r2, [r3]
 173              	.L3:
  48:Src/hihatchannel.c **** 
  49:Src/hihatchannel.c **** 
  50:Src/hihatchannel.c **** 
  51:Src/hihatchannel.c **** 
  52:Src/hihatchannel.c **** 	//check sending
  53:Src/hihatchannel.c **** 	if(chan->last_send_value > value + chan->offset_to_send ||
 174              		.loc 1 53 0 is_stmt 1
 175 0020 7B68     		ldr	r3, [r7, #4]
 176 0022 5A68     		ldr	r2, [r3, #4]
 177 0024 7B68     		ldr	r3, [r7, #4]
 178 0026 9969     		ldr	r1, [r3, #24]
ARM GAS  /tmp/ccJMlBW2.s 			page 5


 179 0028 FB68     		ldr	r3, [r7, #12]
 180 002a 0B44     		add	r3, r3, r1
 181 002c 9A42     		cmp	r2, r3
 182 002e 07D8     		bhi	.L4
  54:Src/hihatchannel.c **** 			chan->last_send_value + chan->offset_to_send < value ){
 183              		.loc 1 54 0 discriminator 1
 184 0030 7B68     		ldr	r3, [r7, #4]
 185 0032 5A68     		ldr	r2, [r3, #4]
 186 0034 7B68     		ldr	r3, [r7, #4]
 187 0036 9B69     		ldr	r3, [r3, #24]
 188 0038 1A44     		add	r2, r2, r3
  53:Src/hihatchannel.c **** 			chan->last_send_value + chan->offset_to_send < value ){
 189              		.loc 1 53 0 discriminator 1
 190 003a FB68     		ldr	r3, [r7, #12]
 191 003c 9A42     		cmp	r2, r3
 192 003e 06D2     		bcs	.L5
 193              	.L4:
  55:Src/hihatchannel.c **** 			hihatchannel_onChange(chan, value);
 194              		.loc 1 55 0
 195 0040 F968     		ldr	r1, [r7, #12]
 196 0042 7868     		ldr	r0, [r7, #4]
 197 0044 FFF7FEFF 		bl	hihatchannel_onChange
  56:Src/hihatchannel.c **** 
  57:Src/hihatchannel.c **** 			chan->intervalls_since_last_change = 0;
 198              		.loc 1 57 0
 199 0048 7B68     		ldr	r3, [r7, #4]
 200 004a 0022     		movs	r2, #0
 201 004c 9A60     		str	r2, [r3, #8]
 202              	.L5:
  58:Src/hihatchannel.c **** 	}
  59:Src/hihatchannel.c **** 	chan->intervalls_since_last_change++;
 203              		.loc 1 59 0
 204 004e 7B68     		ldr	r3, [r7, #4]
 205 0050 9B68     		ldr	r3, [r3, #8]
 206 0052 5A1C     		adds	r2, r3, #1
 207 0054 7B68     		ldr	r3, [r7, #4]
 208 0056 9A60     		str	r2, [r3, #8]
  60:Src/hihatchannel.c **** 	chan->intervalls_since_last_controlChange++;
 209              		.loc 1 60 0
 210 0058 7B68     		ldr	r3, [r7, #4]
 211 005a DB68     		ldr	r3, [r3, #12]
 212 005c 5A1C     		adds	r2, r3, #1
 213 005e 7B68     		ldr	r3, [r7, #4]
 214 0060 DA60     		str	r2, [r3, #12]
  61:Src/hihatchannel.c **** 
  62:Src/hihatchannel.c **** 
  63:Src/hihatchannel.c **** }
 215              		.loc 1 63 0
 216 0062 00BF     		nop
 217 0064 1037     		adds	r7, r7, #16
 218              	.LCFI9:
 219              		.cfi_def_cfa_offset 8
 220 0066 BD46     		mov	sp, r7
 221              	.LCFI10:
 222              		.cfi_def_cfa_register 13
 223              		@ sp needed
 224 0068 80BD     		pop	{r7, pc}
ARM GAS  /tmp/ccJMlBW2.s 			page 6


 225              		.cfi_endproc
 226              	.LFE113:
 228 006a 00BF     		.section	.text.hihatchannel_onChange,"ax",%progbits
 229              		.align	2
 230              		.global	hihatchannel_onChange
 231              		.thumb
 232              		.thumb_func
 234              	hihatchannel_onChange:
 235              	.LFB114:
  64:Src/hihatchannel.c **** 
  65:Src/hihatchannel.c **** void hihatchannel_onChange(HiHatChannel *chan, uint32_t value){
 236              		.loc 1 65 0
 237              		.cfi_startproc
 238              		@ args = 0, pretend = 0, frame = 24
 239              		@ frame_needed = 1, uses_anonymous_args = 0
 240 0000 80B5     		push	{r7, lr}
 241              	.LCFI11:
 242              		.cfi_def_cfa_offset 8
 243              		.cfi_offset 7, -8
 244              		.cfi_offset 14, -4
 245 0002 86B0     		sub	sp, sp, #24
 246              	.LCFI12:
 247              		.cfi_def_cfa_offset 32
 248 0004 00AF     		add	r7, sp, #0
 249              	.LCFI13:
 250              		.cfi_def_cfa_register 7
 251 0006 F860     		str	r0, [r7, #12]
 252 0008 B960     		str	r1, [r7, #8]
  66:Src/hihatchannel.c **** 
  67:Src/hihatchannel.c **** 
  68:Src/hihatchannel.c **** 
  69:Src/hihatchannel.c **** 	//process hihat pedal midinote
  70:Src/hihatchannel.c **** 	if( value < chan->closedValue && !chan->closed){
 253              		.loc 1 70 0
 254 000a FB68     		ldr	r3, [r7, #12]
 255 000c 1A6A     		ldr	r2, [r3, #32]
 256 000e BB68     		ldr	r3, [r7, #8]
 257 0010 9A42     		cmp	r2, r3
 258 0012 2ED9     		bls	.L7
 259              		.loc 1 70 0 is_stmt 0 discriminator 1
 260 0014 FB68     		ldr	r3, [r7, #12]
 261 0016 1B69     		ldr	r3, [r3, #16]
 262 0018 002B     		cmp	r3, #0
 263 001a 2AD1     		bne	.L7
 264              	.LBB2:
  71:Src/hihatchannel.c **** 		chan->closed = 1;
 265              		.loc 1 71 0 is_stmt 1
 266 001c FB68     		ldr	r3, [r7, #12]
 267 001e 0122     		movs	r2, #1
 268 0020 1A61     		str	r2, [r3, #16]
  72:Src/hihatchannel.c **** 		uint8_t velocity =  (128 * chan->velocityFactor) /chan->intervalls_since_last_change;
 269              		.loc 1 72 0
 270 0022 FB68     		ldr	r3, [r7, #12]
 271 0024 D3ED0A7A 		vldr.32	s15, [r3, #40]
 272 0028 9FED2D7A 		vldr.32	s14, .L11
 273 002c 67EE876A 		vmul.f32	s13, s15, s14
 274 0030 FB68     		ldr	r3, [r7, #12]
ARM GAS  /tmp/ccJMlBW2.s 			page 7


 275 0032 9B68     		ldr	r3, [r3, #8]
 276 0034 07EE903A 		vmov	s15, r3	@ int
 277 0038 B8EE677A 		vcvt.f32.u32	s14, s15
 278 003c C6EE877A 		vdiv.f32	s15, s13, s14
 279 0040 FCEEE77A 		vcvt.u32.f32	s15, s15
 280 0044 C7ED017A 		vstr.32	s15, [r7, #4]	@ int
 281 0048 3B79     		ldrb	r3, [r7, #4]
 282 004a FB75     		strb	r3, [r7, #23]
  73:Src/hihatchannel.c **** 		if(velocity > 127) velocity = 127;
 283              		.loc 1 73 0
 284 004c FB7D     		ldrb	r3, [r7, #23]	@ zero_extendqisi2
 285 004e 5BB2     		sxtb	r3, r3
 286 0050 002B     		cmp	r3, #0
 287 0052 01DA     		bge	.L8
 288              		.loc 1 73 0 is_stmt 0 discriminator 1
 289 0054 7F23     		movs	r3, #127
 290 0056 FB75     		strb	r3, [r7, #23]
 291              	.L8:
  74:Src/hihatchannel.c **** 		midi_sendNote(10, chan->midi_pedal_note, velocity);
 292              		.loc 1 74 0 is_stmt 1
 293 0058 FB68     		ldr	r3, [r7, #12]
 294 005a 1B6B     		ldr	r3, [r3, #48]
 295 005c DBB2     		uxtb	r3, r3
 296 005e FA7D     		ldrb	r2, [r7, #23]	@ zero_extendqisi2
 297 0060 1946     		mov	r1, r3
 298 0062 0A20     		movs	r0, #10
 299 0064 FFF7FEFF 		bl	midi_sendNote
  75:Src/hihatchannel.c **** 
  76:Src/hihatchannel.c **** 		//set midi note of the related trigger
  77:Src/hihatchannel.c **** 		chan->relatedTriggerpad->midinote = chan->midi_note_closed;
 300              		.loc 1 77 0
 301 0068 FB68     		ldr	r3, [r7, #12]
 302 006a 5B6B     		ldr	r3, [r3, #52]
 303 006c FA68     		ldr	r2, [r7, #12]
 304 006e D26B     		ldr	r2, [r2, #60]
 305 0070 1A64     		str	r2, [r3, #64]
 306              	.L7:
 307              	.LBE2:
  78:Src/hihatchannel.c **** 
  79:Src/hihatchannel.c **** 	}
  80:Src/hihatchannel.c **** 
  81:Src/hihatchannel.c **** 	if(value > chan->openedValue){
 308              		.loc 1 81 0
 309 0072 FB68     		ldr	r3, [r7, #12]
 310 0074 5A6A     		ldr	r2, [r3, #36]
 311 0076 BB68     		ldr	r3, [r7, #8]
 312 0078 9A42     		cmp	r2, r3
 313 007a 07D2     		bcs	.L9
  82:Src/hihatchannel.c **** 		chan->closed = 0;
 314              		.loc 1 82 0
 315 007c FB68     		ldr	r3, [r7, #12]
 316 007e 0022     		movs	r2, #0
 317 0080 1A61     		str	r2, [r3, #16]
  83:Src/hihatchannel.c **** 		chan->relatedTriggerpad->midinote = chan->midi_note_open;
 318              		.loc 1 83 0
 319 0082 FB68     		ldr	r3, [r7, #12]
 320 0084 5B6B     		ldr	r3, [r3, #52]
ARM GAS  /tmp/ccJMlBW2.s 			page 8


 321 0086 FA68     		ldr	r2, [r7, #12]
 322 0088 926B     		ldr	r2, [r2, #56]
 323 008a 1A64     		str	r2, [r3, #64]
 324              	.L9:
  84:Src/hihatchannel.c **** 	}
  85:Src/hihatchannel.c **** 
  86:Src/hihatchannel.c **** 	//process control change
  87:Src/hihatchannel.c **** 	if(chan->sendControlChange && chan->intervalls_since_last_controlChange >= chan->send_controlChang
 325              		.loc 1 87 0
 326 008c FB68     		ldr	r3, [r7, #12]
 327 008e 93F84030 		ldrb	r3, [r3, #64]	@ zero_extendqisi2
 328 0092 002B     		cmp	r3, #0
 329 0094 1CD0     		beq	.L10
 330              		.loc 1 87 0 is_stmt 0 discriminator 1
 331 0096 FB68     		ldr	r3, [r7, #12]
 332 0098 DA68     		ldr	r2, [r3, #12]
 333 009a FB68     		ldr	r3, [r7, #12]
 334 009c DB69     		ldr	r3, [r3, #28]
 335 009e 9A42     		cmp	r2, r3
 336 00a0 16D3     		bcc	.L10
 337              	.LBB3:
  88:Src/hihatchannel.c **** 		uint8_t velocity = 127 - ((value * 127) /chan->max_value) ;
 338              		.loc 1 88 0 is_stmt 1
 339 00a2 BA68     		ldr	r2, [r7, #8]
 340 00a4 1346     		mov	r3, r2
 341 00a6 DB01     		lsls	r3, r3, #7
 342 00a8 9A1A     		subs	r2, r3, r2
 343 00aa FB68     		ldr	r3, [r7, #12]
 344 00ac 1B68     		ldr	r3, [r3]
 345 00ae B2FBF3F3 		udiv	r3, r2, r3
 346 00b2 DBB2     		uxtb	r3, r3
 347 00b4 C3F17F03 		rsb	r3, r3, #127
 348 00b8 BB75     		strb	r3, [r7, #22]
  89:Src/hihatchannel.c **** 		midi_sendControlChange(10, chan->midi_control, velocity);
 349              		.loc 1 89 0
 350 00ba FB68     		ldr	r3, [r7, #12]
 351 00bc DB6A     		ldr	r3, [r3, #44]
 352 00be DBB2     		uxtb	r3, r3
 353 00c0 BA7D     		ldrb	r2, [r7, #22]	@ zero_extendqisi2
 354 00c2 1946     		mov	r1, r3
 355 00c4 0A20     		movs	r0, #10
 356 00c6 FFF7FEFF 		bl	midi_sendControlChange
  90:Src/hihatchannel.c **** 		chan->intervalls_since_last_controlChange = 0;
 357              		.loc 1 90 0
 358 00ca FB68     		ldr	r3, [r7, #12]
 359 00cc 0022     		movs	r2, #0
 360 00ce DA60     		str	r2, [r3, #12]
 361              	.L10:
 362              	.LBE3:
  91:Src/hihatchannel.c **** 	}
  92:Src/hihatchannel.c **** 
  93:Src/hihatchannel.c **** 	//update last send value
  94:Src/hihatchannel.c **** 	chan->last_send_value = value;
 363              		.loc 1 94 0
 364 00d0 FB68     		ldr	r3, [r7, #12]
 365 00d2 BA68     		ldr	r2, [r7, #8]
 366 00d4 5A60     		str	r2, [r3, #4]
ARM GAS  /tmp/ccJMlBW2.s 			page 9


  95:Src/hihatchannel.c **** 
  96:Src/hihatchannel.c **** }
 367              		.loc 1 96 0
 368 00d6 00BF     		nop
 369 00d8 1837     		adds	r7, r7, #24
 370              	.LCFI14:
 371              		.cfi_def_cfa_offset 8
 372 00da BD46     		mov	sp, r7
 373              	.LCFI15:
 374              		.cfi_def_cfa_register 13
 375              		@ sp needed
 376 00dc 80BD     		pop	{r7, pc}
 377              	.L12:
 378 00de 00BF     		.align	2
 379              	.L11:
 380 00e0 00000043 		.word	1124073472
 381              		.cfi_endproc
 382              	.LFE114:
 384              		.text
 385              	.Letext0:
 386              		.file 2 "/usr/arm-none-eabi/include/machine/_default_types.h"
 387              		.file 3 "/usr/arm-none-eabi/include/sys/_stdint.h"
 388              		.file 4 "Drivers/CMSIS/Device/ST/STM32F3xx/Include/stm32f303xc.h"
 389              		.file 5 "Drivers/STM32F3xx_HAL_Driver/Inc/stm32f3xx_hal_def.h"
 390              		.file 6 "Drivers/STM32F3xx_HAL_Driver/Inc/stm32f3xx_hal_dma.h"
 391              		.file 7 "Drivers/STM32F3xx_HAL_Driver/Inc/stm32f3xx_hal_uart.h"
 392              		.file 8 "Src/../Inc/triggerchannel.h"
 393              		.file 9 "Src/../Inc/hihatchannel.h"
 394              		.file 10 "Inc/uartmessagebuffer.h"
 395              		.file 11 "Drivers/CMSIS/Include/core_cm4.h"
 396              		.file 12 "Inc/midi.h"
ARM GAS  /tmp/ccJMlBW2.s 			page 10


DEFINED SYMBOLS
                            *ABS*:0000000000000000 hihatchannel.c
                            *COM*:0000000000000004 midiMessagebuffer
     /tmp/ccJMlBW2.s:22     .text.hihatchannel_init:0000000000000000 $t
     /tmp/ccJMlBW2.s:27     .text.hihatchannel_init:0000000000000000 hihatchannel_init
                            *COM*:0000000000000050 buffer
     /tmp/ccJMlBW2.s:135    .text.hihatchannel_process:0000000000000000 $t
     /tmp/ccJMlBW2.s:140    .text.hihatchannel_process:0000000000000000 hihatchannel_process
     /tmp/ccJMlBW2.s:234    .text.hihatchannel_onChange:0000000000000000 hihatchannel_onChange
     /tmp/ccJMlBW2.s:229    .text.hihatchannel_onChange:0000000000000000 $t
     /tmp/ccJMlBW2.s:380    .text.hihatchannel_onChange:00000000000000e0 $d
                     .debug_frame:0000000000000010 $d

UNDEFINED SYMBOLS
midi_sendNote
midi_sendControlChange
