ARM GAS  /tmp/ccpQQrer.s 			page 1


   1              		.syntax unified
   2              		.cpu cortex-m4
   3              		.eabi_attribute 27, 1
   4              		.fpu fpv4-sp-d16
   5              		.eabi_attribute 20, 1
   6              		.eabi_attribute 21, 1
   7              		.eabi_attribute 23, 3
   8              		.eabi_attribute 24, 1
   9              		.eabi_attribute 25, 1
  10              		.eabi_attribute 26, 1
  11              		.eabi_attribute 30, 6
  12              		.eabi_attribute 34, 1
  13              		.eabi_attribute 18, 4
  14              		.thumb
  15              		.syntax unified
  16              		.file	"stm32f3xx_hal.c"
  17              		.text
  18              	.Ltext0:
  19              		.cfi_sections	.debug_frame
  20              		.section	.bss.uwTick,"aw",%nobits
  21              		.align	2
  24              	uwTick:
  25 0000 00000000 		.space	4
  26              		.section	.text.HAL_Init,"ax",%progbits
  27              		.align	2
  28              		.global	HAL_Init
  29              		.thumb
  30              		.thumb_func
  32              	HAL_Init:
  33              	.LFB112:
  34              		.file 1 "Drivers/STM32F3xx_HAL_Driver/Src/stm32f3xx_hal.c"
   1:Drivers/STM32F3xx_HAL_Driver/Src/stm32f3xx_hal.c **** /**
   2:Drivers/STM32F3xx_HAL_Driver/Src/stm32f3xx_hal.c ****   ******************************************************************************
   3:Drivers/STM32F3xx_HAL_Driver/Src/stm32f3xx_hal.c ****   * @file    stm32f3xx_hal.c
   4:Drivers/STM32F3xx_HAL_Driver/Src/stm32f3xx_hal.c ****   * @author  MCD Application Team
   5:Drivers/STM32F3xx_HAL_Driver/Src/stm32f3xx_hal.c ****   * @version V1.1.0
   6:Drivers/STM32F3xx_HAL_Driver/Src/stm32f3xx_hal.c ****   * @date    12-Sept-2014
   7:Drivers/STM32F3xx_HAL_Driver/Src/stm32f3xx_hal.c ****   * @brief   HAL module driver.
   8:Drivers/STM32F3xx_HAL_Driver/Src/stm32f3xx_hal.c ****   *          This is the common part of the HAL initialization
   9:Drivers/STM32F3xx_HAL_Driver/Src/stm32f3xx_hal.c ****   *
  10:Drivers/STM32F3xx_HAL_Driver/Src/stm32f3xx_hal.c ****   @verbatim
  11:Drivers/STM32F3xx_HAL_Driver/Src/stm32f3xx_hal.c ****   ==============================================================================
  12:Drivers/STM32F3xx_HAL_Driver/Src/stm32f3xx_hal.c ****                      ##### How to use this driver #####
  13:Drivers/STM32F3xx_HAL_Driver/Src/stm32f3xx_hal.c ****   ==============================================================================
  14:Drivers/STM32F3xx_HAL_Driver/Src/stm32f3xx_hal.c ****     [..]
  15:Drivers/STM32F3xx_HAL_Driver/Src/stm32f3xx_hal.c ****     The common HAL driver contains a set of generic and common APIs that can be
  16:Drivers/STM32F3xx_HAL_Driver/Src/stm32f3xx_hal.c ****     used by the PPP peripheral drivers and the user to start using the HAL.
  17:Drivers/STM32F3xx_HAL_Driver/Src/stm32f3xx_hal.c ****     [..]
  18:Drivers/STM32F3xx_HAL_Driver/Src/stm32f3xx_hal.c ****     The HAL contains two APIs categories:
  19:Drivers/STM32F3xx_HAL_Driver/Src/stm32f3xx_hal.c ****          (+) HAL Initialization and de-initialization functions
  20:Drivers/STM32F3xx_HAL_Driver/Src/stm32f3xx_hal.c ****          (+) HAL Control functions
  21:Drivers/STM32F3xx_HAL_Driver/Src/stm32f3xx_hal.c **** 
  22:Drivers/STM32F3xx_HAL_Driver/Src/stm32f3xx_hal.c ****   @endverbatim
  23:Drivers/STM32F3xx_HAL_Driver/Src/stm32f3xx_hal.c ****   ******************************************************************************
  24:Drivers/STM32F3xx_HAL_Driver/Src/stm32f3xx_hal.c ****   * @attention
  25:Drivers/STM32F3xx_HAL_Driver/Src/stm32f3xx_hal.c ****   *
  26:Drivers/STM32F3xx_HAL_Driver/Src/stm32f3xx_hal.c ****   * <h2><center>&copy; COPYRIGHT(c) 2014 STMicroelectronics</center></h2>
ARM GAS  /tmp/ccpQQrer.s 			page 2


  27:Drivers/STM32F3xx_HAL_Driver/Src/stm32f3xx_hal.c ****   *
  28:Drivers/STM32F3xx_HAL_Driver/Src/stm32f3xx_hal.c ****   * Redistribution and use in source and binary forms, with or without modification,
  29:Drivers/STM32F3xx_HAL_Driver/Src/stm32f3xx_hal.c ****   * are permitted provided that the following conditions are met:
  30:Drivers/STM32F3xx_HAL_Driver/Src/stm32f3xx_hal.c ****   *   1. Redistributions of source code must retain the above copyright notice,
  31:Drivers/STM32F3xx_HAL_Driver/Src/stm32f3xx_hal.c ****   *      this list of conditions and the following disclaimer.
  32:Drivers/STM32F3xx_HAL_Driver/Src/stm32f3xx_hal.c ****   *   2. Redistributions in binary form must reproduce the above copyright notice,
  33:Drivers/STM32F3xx_HAL_Driver/Src/stm32f3xx_hal.c ****   *      this list of conditions and the following disclaimer in the documentation
  34:Drivers/STM32F3xx_HAL_Driver/Src/stm32f3xx_hal.c ****   *      and/or other materials provided with the distribution.
  35:Drivers/STM32F3xx_HAL_Driver/Src/stm32f3xx_hal.c ****   *   3. Neither the name of STMicroelectronics nor the names of its contributors
  36:Drivers/STM32F3xx_HAL_Driver/Src/stm32f3xx_hal.c ****   *      may be used to endorse or promote products derived from this software
  37:Drivers/STM32F3xx_HAL_Driver/Src/stm32f3xx_hal.c ****   *      without specific prior written permission.
  38:Drivers/STM32F3xx_HAL_Driver/Src/stm32f3xx_hal.c ****   *
  39:Drivers/STM32F3xx_HAL_Driver/Src/stm32f3xx_hal.c ****   * THIS SOFTWARE IS PROVIDED BY THE COPYRIGHT HOLDERS AND CONTRIBUTORS "AS IS"
  40:Drivers/STM32F3xx_HAL_Driver/Src/stm32f3xx_hal.c ****   * AND ANY EXPRESS OR IMPLIED WARRANTIES, INCLUDING, BUT NOT LIMITED TO, THE
  41:Drivers/STM32F3xx_HAL_Driver/Src/stm32f3xx_hal.c ****   * IMPLIED WARRANTIES OF MERCHANTABILITY AND FITNESS FOR A PARTICULAR PURPOSE ARE
  42:Drivers/STM32F3xx_HAL_Driver/Src/stm32f3xx_hal.c ****   * DISCLAIMED. IN NO EVENT SHALL THE COPYRIGHT HOLDER OR CONTRIBUTORS BE LIABLE
  43:Drivers/STM32F3xx_HAL_Driver/Src/stm32f3xx_hal.c ****   * FOR ANY DIRECT, INDIRECT, INCIDENTAL, SPECIAL, EXEMPLARY, OR CONSEQUENTIAL
  44:Drivers/STM32F3xx_HAL_Driver/Src/stm32f3xx_hal.c ****   * DAMAGES (INCLUDING, BUT NOT LIMITED TO, PROCUREMENT OF SUBSTITUTE GOODS OR
  45:Drivers/STM32F3xx_HAL_Driver/Src/stm32f3xx_hal.c ****   * SERVICES; LOSS OF USE, DATA, OR PROFITS; OR BUSINESS INTERRUPTION) HOWEVER
  46:Drivers/STM32F3xx_HAL_Driver/Src/stm32f3xx_hal.c ****   * CAUSED AND ON ANY THEORY OF LIABILITY, WHETHER IN CONTRACT, STRICT LIABILITY,
  47:Drivers/STM32F3xx_HAL_Driver/Src/stm32f3xx_hal.c ****   * OR TORT (INCLUDING NEGLIGENCE OR OTHERWISE) ARISING IN ANY WAY OUT OF THE USE
  48:Drivers/STM32F3xx_HAL_Driver/Src/stm32f3xx_hal.c ****   * OF THIS SOFTWARE, EVEN IF ADVISED OF THE POSSIBILITY OF SUCH DAMAGE.
  49:Drivers/STM32F3xx_HAL_Driver/Src/stm32f3xx_hal.c ****   *
  50:Drivers/STM32F3xx_HAL_Driver/Src/stm32f3xx_hal.c ****   ******************************************************************************  
  51:Drivers/STM32F3xx_HAL_Driver/Src/stm32f3xx_hal.c ****   */
  52:Drivers/STM32F3xx_HAL_Driver/Src/stm32f3xx_hal.c **** 
  53:Drivers/STM32F3xx_HAL_Driver/Src/stm32f3xx_hal.c **** /* Includes ------------------------------------------------------------------*/
  54:Drivers/STM32F3xx_HAL_Driver/Src/stm32f3xx_hal.c **** #include "stm32f3xx_hal.h"
  55:Drivers/STM32F3xx_HAL_Driver/Src/stm32f3xx_hal.c **** 
  56:Drivers/STM32F3xx_HAL_Driver/Src/stm32f3xx_hal.c **** /** @addtogroup STM32F3xx_HAL_Driver
  57:Drivers/STM32F3xx_HAL_Driver/Src/stm32f3xx_hal.c ****   * @{
  58:Drivers/STM32F3xx_HAL_Driver/Src/stm32f3xx_hal.c ****   */
  59:Drivers/STM32F3xx_HAL_Driver/Src/stm32f3xx_hal.c **** 
  60:Drivers/STM32F3xx_HAL_Driver/Src/stm32f3xx_hal.c **** /** @defgroup HAL HAL module driver
  61:Drivers/STM32F3xx_HAL_Driver/Src/stm32f3xx_hal.c ****   * @brief HAL module driver.
  62:Drivers/STM32F3xx_HAL_Driver/Src/stm32f3xx_hal.c ****   * @{
  63:Drivers/STM32F3xx_HAL_Driver/Src/stm32f3xx_hal.c ****   */
  64:Drivers/STM32F3xx_HAL_Driver/Src/stm32f3xx_hal.c **** 
  65:Drivers/STM32F3xx_HAL_Driver/Src/stm32f3xx_hal.c **** #ifdef HAL_MODULE_ENABLED
  66:Drivers/STM32F3xx_HAL_Driver/Src/stm32f3xx_hal.c **** 
  67:Drivers/STM32F3xx_HAL_Driver/Src/stm32f3xx_hal.c **** /* Private typedef -----------------------------------------------------------*/
  68:Drivers/STM32F3xx_HAL_Driver/Src/stm32f3xx_hal.c **** /* Private define ------------------------------------------------------------*/
  69:Drivers/STM32F3xx_HAL_Driver/Src/stm32f3xx_hal.c **** /** @defgroup HAL_Private Constants
  70:Drivers/STM32F3xx_HAL_Driver/Src/stm32f3xx_hal.c ****   * @{
  71:Drivers/STM32F3xx_HAL_Driver/Src/stm32f3xx_hal.c ****   */
  72:Drivers/STM32F3xx_HAL_Driver/Src/stm32f3xx_hal.c **** /**
  73:Drivers/STM32F3xx_HAL_Driver/Src/stm32f3xx_hal.c ****  * @brief STM32F3xx HAL Driver version number V1.1.0
  74:Drivers/STM32F3xx_HAL_Driver/Src/stm32f3xx_hal.c ****    */
  75:Drivers/STM32F3xx_HAL_Driver/Src/stm32f3xx_hal.c **** #define __STM32F3xx_HAL_VERSION_MAIN   (0x01) /*!< [31:24] main version */
  76:Drivers/STM32F3xx_HAL_Driver/Src/stm32f3xx_hal.c **** #define __STM32F3xx_HAL_VERSION_SUB1   (0x01) /*!< [23:16] sub1 version */
  77:Drivers/STM32F3xx_HAL_Driver/Src/stm32f3xx_hal.c **** #define __STM32F3xx_HAL_VERSION_SUB2   (0x00) /*!< [15:8]  sub2 version */
  78:Drivers/STM32F3xx_HAL_Driver/Src/stm32f3xx_hal.c **** #define __STM32F3xx_HAL_VERSION_RC     (0x00) /*!< [7:0]  release candidate */
  79:Drivers/STM32F3xx_HAL_Driver/Src/stm32f3xx_hal.c **** #define __STM32F3xx_HAL_VERSION         ((__STM32F3xx_HAL_VERSION_MAIN << 24)\
  80:Drivers/STM32F3xx_HAL_Driver/Src/stm32f3xx_hal.c ****                                         |(__STM32F3xx_HAL_VERSION_SUB1 << 16)\
  81:Drivers/STM32F3xx_HAL_Driver/Src/stm32f3xx_hal.c ****                                         |(__STM32F3xx_HAL_VERSION_SUB2 << 8 )\
  82:Drivers/STM32F3xx_HAL_Driver/Src/stm32f3xx_hal.c ****                                         |(__STM32F3xx_HAL_VERSION_RC))
  83:Drivers/STM32F3xx_HAL_Driver/Src/stm32f3xx_hal.c **** 
ARM GAS  /tmp/ccpQQrer.s 			page 3


  84:Drivers/STM32F3xx_HAL_Driver/Src/stm32f3xx_hal.c **** #define IDCODE_DEVID_MASK    ((uint32_t)0x00000FFF)
  85:Drivers/STM32F3xx_HAL_Driver/Src/stm32f3xx_hal.c **** /**
  86:Drivers/STM32F3xx_HAL_Driver/Src/stm32f3xx_hal.c ****   * @}
  87:Drivers/STM32F3xx_HAL_Driver/Src/stm32f3xx_hal.c ****   */
  88:Drivers/STM32F3xx_HAL_Driver/Src/stm32f3xx_hal.c ****   
  89:Drivers/STM32F3xx_HAL_Driver/Src/stm32f3xx_hal.c **** /* Private macro -------------------------------------------------------------*/
  90:Drivers/STM32F3xx_HAL_Driver/Src/stm32f3xx_hal.c **** /* Private variables ---------------------------------------------------------*/
  91:Drivers/STM32F3xx_HAL_Driver/Src/stm32f3xx_hal.c **** static __IO uint32_t uwTick;
  92:Drivers/STM32F3xx_HAL_Driver/Src/stm32f3xx_hal.c **** /* Private function prototypes -----------------------------------------------*/
  93:Drivers/STM32F3xx_HAL_Driver/Src/stm32f3xx_hal.c **** /* Exported functions --------------------------------------------------------*/
  94:Drivers/STM32F3xx_HAL_Driver/Src/stm32f3xx_hal.c **** 
  95:Drivers/STM32F3xx_HAL_Driver/Src/stm32f3xx_hal.c **** /** @defgroup HAL_Exported_Functions HAL Exported Functions
  96:Drivers/STM32F3xx_HAL_Driver/Src/stm32f3xx_hal.c ****   * @{
  97:Drivers/STM32F3xx_HAL_Driver/Src/stm32f3xx_hal.c ****   */
  98:Drivers/STM32F3xx_HAL_Driver/Src/stm32f3xx_hal.c **** 
  99:Drivers/STM32F3xx_HAL_Driver/Src/stm32f3xx_hal.c **** /** @defgroup HAL_Exported_Functions_Group1 Initialization and de-initialization Functions 
 100:Drivers/STM32F3xx_HAL_Driver/Src/stm32f3xx_hal.c ****  *  @brief    Initialization and de-initialization functions
 101:Drivers/STM32F3xx_HAL_Driver/Src/stm32f3xx_hal.c ****  *
 102:Drivers/STM32F3xx_HAL_Driver/Src/stm32f3xx_hal.c **** @verbatim
 103:Drivers/STM32F3xx_HAL_Driver/Src/stm32f3xx_hal.c ****  ===============================================================================
 104:Drivers/STM32F3xx_HAL_Driver/Src/stm32f3xx_hal.c ****               ##### Initialization and de-initialization functions #####
 105:Drivers/STM32F3xx_HAL_Driver/Src/stm32f3xx_hal.c ****  ===============================================================================
 106:Drivers/STM32F3xx_HAL_Driver/Src/stm32f3xx_hal.c ****     [..]  This section provides functions allowing to:
 107:Drivers/STM32F3xx_HAL_Driver/Src/stm32f3xx_hal.c ****       (+) Initializes the Flash interface the NVIC allocation and initial clock
 108:Drivers/STM32F3xx_HAL_Driver/Src/stm32f3xx_hal.c ****           configuration. It initializes the systick also when timeout is needed
 109:Drivers/STM32F3xx_HAL_Driver/Src/stm32f3xx_hal.c ****           and the backup domain when enabled.
 110:Drivers/STM32F3xx_HAL_Driver/Src/stm32f3xx_hal.c ****       (+) de-Initializes common part of the HAL
 111:Drivers/STM32F3xx_HAL_Driver/Src/stm32f3xx_hal.c ****       (+) Configure The time base source to have 1ms time base with a dedicated 
 112:Drivers/STM32F3xx_HAL_Driver/Src/stm32f3xx_hal.c ****           Tick interrupt priority. 
 113:Drivers/STM32F3xx_HAL_Driver/Src/stm32f3xx_hal.c ****         (++) Systick timer is used by default as source of time base, but user 
 114:Drivers/STM32F3xx_HAL_Driver/Src/stm32f3xx_hal.c ****              can eventually implement his proper time base source (a general purpose 
 115:Drivers/STM32F3xx_HAL_Driver/Src/stm32f3xx_hal.c ****              timer for example or other time source), keeping in mind that Time base 
 116:Drivers/STM32F3xx_HAL_Driver/Src/stm32f3xx_hal.c ****              duration should be kept 1ms since PPP_TIMEOUT_VALUEs are defined and 
 117:Drivers/STM32F3xx_HAL_Driver/Src/stm32f3xx_hal.c ****              handled in milliseconds basis.
 118:Drivers/STM32F3xx_HAL_Driver/Src/stm32f3xx_hal.c ****         (++) Time base configuration function (HAL_InitTick ()) is called automatically 
 119:Drivers/STM32F3xx_HAL_Driver/Src/stm32f3xx_hal.c ****              at the beginning of the program after reset by HAL_Init() or at any time 
 120:Drivers/STM32F3xx_HAL_Driver/Src/stm32f3xx_hal.c ****              when clock is configured, by HAL_RCC_ClockConfig(). 
 121:Drivers/STM32F3xx_HAL_Driver/Src/stm32f3xx_hal.c ****         (++) Source of time base is configured  to generate interrupts at regular 
 122:Drivers/STM32F3xx_HAL_Driver/Src/stm32f3xx_hal.c ****              time intervals. Care must be taken if HAL_Delay() is called from a 
 123:Drivers/STM32F3xx_HAL_Driver/Src/stm32f3xx_hal.c ****              peripheral ISR process, the Tick interrupt line must have higher priority 
 124:Drivers/STM32F3xx_HAL_Driver/Src/stm32f3xx_hal.c ****             (numerically lower) than the peripheral interrupt. Otherwise the caller 
 125:Drivers/STM32F3xx_HAL_Driver/Src/stm32f3xx_hal.c ****             ISR process will be blocked. 
 126:Drivers/STM32F3xx_HAL_Driver/Src/stm32f3xx_hal.c ****        (++) functions affecting time base configurations are declared as __Weak  
 127:Drivers/STM32F3xx_HAL_Driver/Src/stm32f3xx_hal.c ****              to make  override possible  in case of other  implementations in user file.
 128:Drivers/STM32F3xx_HAL_Driver/Src/stm32f3xx_hal.c **** 
 129:Drivers/STM32F3xx_HAL_Driver/Src/stm32f3xx_hal.c **** @endverbatim
 130:Drivers/STM32F3xx_HAL_Driver/Src/stm32f3xx_hal.c ****   * @{
 131:Drivers/STM32F3xx_HAL_Driver/Src/stm32f3xx_hal.c ****   */
 132:Drivers/STM32F3xx_HAL_Driver/Src/stm32f3xx_hal.c **** 
 133:Drivers/STM32F3xx_HAL_Driver/Src/stm32f3xx_hal.c **** /**
 134:Drivers/STM32F3xx_HAL_Driver/Src/stm32f3xx_hal.c ****   * @brief  This function configures the Flash prefetch, 
 135:Drivers/STM32F3xx_HAL_Driver/Src/stm32f3xx_hal.c ****   *         Configures time base source, NVIC and Low level hardware
 136:Drivers/STM32F3xx_HAL_Driver/Src/stm32f3xx_hal.c ****   * 
 137:Drivers/STM32F3xx_HAL_Driver/Src/stm32f3xx_hal.c ****   * @note   This function is called at the beginning of program after reset and before 
 138:Drivers/STM32F3xx_HAL_Driver/Src/stm32f3xx_hal.c ****   *         the clock configuration
 139:Drivers/STM32F3xx_HAL_Driver/Src/stm32f3xx_hal.c ****   *             
 140:Drivers/STM32F3xx_HAL_Driver/Src/stm32f3xx_hal.c ****   * @note   The Systick configuration is based on HSI clock, as HSI is the clock
ARM GAS  /tmp/ccpQQrer.s 			page 4


 141:Drivers/STM32F3xx_HAL_Driver/Src/stm32f3xx_hal.c ****   *         used after a system Reset and the NVIC configuration is set to Priority group 4 
 142:Drivers/STM32F3xx_HAL_Driver/Src/stm32f3xx_hal.c ****   *            
 143:Drivers/STM32F3xx_HAL_Driver/Src/stm32f3xx_hal.c ****   * @note   The time base configuration is based on MSI clock when exting from Reset.
 144:Drivers/STM32F3xx_HAL_Driver/Src/stm32f3xx_hal.c ****   *         Once done, time base tick start incrementing.
 145:Drivers/STM32F3xx_HAL_Driver/Src/stm32f3xx_hal.c ****   *         In the default implementation,Systick is used as source of time base.
 146:Drivers/STM32F3xx_HAL_Driver/Src/stm32f3xx_hal.c ****   *         the tick variable is incremented each 1ms in its ISR.
 147:Drivers/STM32F3xx_HAL_Driver/Src/stm32f3xx_hal.c ****   *         
 148:Drivers/STM32F3xx_HAL_Driver/Src/stm32f3xx_hal.c ****   * @note                  
 149:Drivers/STM32F3xx_HAL_Driver/Src/stm32f3xx_hal.c ****   * @retval HAL status
 150:Drivers/STM32F3xx_HAL_Driver/Src/stm32f3xx_hal.c ****   */
 151:Drivers/STM32F3xx_HAL_Driver/Src/stm32f3xx_hal.c **** HAL_StatusTypeDef HAL_Init(void)
 152:Drivers/STM32F3xx_HAL_Driver/Src/stm32f3xx_hal.c **** {
  35              		.loc 1 152 0
  36              		.cfi_startproc
  37              		@ args = 0, pretend = 0, frame = 0
  38              		@ frame_needed = 1, uses_anonymous_args = 0
  39 0000 80B5     		push	{r7, lr}
  40              	.LCFI0:
  41              		.cfi_def_cfa_offset 8
  42              		.cfi_offset 7, -8
  43              		.cfi_offset 14, -4
  44 0002 00AF     		add	r7, sp, #0
  45              	.LCFI1:
  46              		.cfi_def_cfa_register 7
 153:Drivers/STM32F3xx_HAL_Driver/Src/stm32f3xx_hal.c ****   /* Configure Flash prefetch */
 154:Drivers/STM32F3xx_HAL_Driver/Src/stm32f3xx_hal.c **** #if (PREFETCH_ENABLE != 0)
 155:Drivers/STM32F3xx_HAL_Driver/Src/stm32f3xx_hal.c ****   __HAL_FLASH_PREFETCH_BUFFER_ENABLE();
  47              		.loc 1 155 0
  48 0004 084A     		ldr	r2, .L3
  49 0006 084B     		ldr	r3, .L3
  50 0008 1B68     		ldr	r3, [r3]
  51 000a 43F01003 		orr	r3, r3, #16
  52 000e 1360     		str	r3, [r2]
 156:Drivers/STM32F3xx_HAL_Driver/Src/stm32f3xx_hal.c **** #endif /* PREFETCH_ENABLE */
 157:Drivers/STM32F3xx_HAL_Driver/Src/stm32f3xx_hal.c **** 
 158:Drivers/STM32F3xx_HAL_Driver/Src/stm32f3xx_hal.c ****   /* Set Interrupt Group Priority */
 159:Drivers/STM32F3xx_HAL_Driver/Src/stm32f3xx_hal.c ****   HAL_NVIC_SetPriorityGrouping(NVIC_PRIORITYGROUP_4);
  53              		.loc 1 159 0
  54 0010 0320     		movs	r0, #3
  55 0012 FFF7FEFF 		bl	HAL_NVIC_SetPriorityGrouping
 160:Drivers/STM32F3xx_HAL_Driver/Src/stm32f3xx_hal.c **** 
 161:Drivers/STM32F3xx_HAL_Driver/Src/stm32f3xx_hal.c ****   /* Enable systick and configure 1ms tick (default clock after Reset is HSI) */
 162:Drivers/STM32F3xx_HAL_Driver/Src/stm32f3xx_hal.c ****   HAL_InitTick(TICK_INT_PRIORITY);
  56              		.loc 1 162 0
  57 0016 0020     		movs	r0, #0
  58 0018 FFF7FEFF 		bl	HAL_InitTick
 163:Drivers/STM32F3xx_HAL_Driver/Src/stm32f3xx_hal.c **** 
 164:Drivers/STM32F3xx_HAL_Driver/Src/stm32f3xx_hal.c ****   /* Init the low level hardware */
 165:Drivers/STM32F3xx_HAL_Driver/Src/stm32f3xx_hal.c ****   HAL_MspInit();
  59              		.loc 1 165 0
  60 001c FFF7FEFF 		bl	HAL_MspInit
 166:Drivers/STM32F3xx_HAL_Driver/Src/stm32f3xx_hal.c **** 
 167:Drivers/STM32F3xx_HAL_Driver/Src/stm32f3xx_hal.c ****   /* Return function status */
 168:Drivers/STM32F3xx_HAL_Driver/Src/stm32f3xx_hal.c ****   return HAL_OK;
  61              		.loc 1 168 0
  62 0020 0023     		movs	r3, #0
 169:Drivers/STM32F3xx_HAL_Driver/Src/stm32f3xx_hal.c **** }
ARM GAS  /tmp/ccpQQrer.s 			page 5


  63              		.loc 1 169 0
  64 0022 1846     		mov	r0, r3
  65 0024 80BD     		pop	{r7, pc}
  66              	.L4:
  67 0026 00BF     		.align	2
  68              	.L3:
  69 0028 00200240 		.word	1073881088
  70              		.cfi_endproc
  71              	.LFE112:
  73              		.section	.text.HAL_DeInit,"ax",%progbits
  74              		.align	2
  75              		.global	HAL_DeInit
  76              		.thumb
  77              		.thumb_func
  79              	HAL_DeInit:
  80              	.LFB113:
 170:Drivers/STM32F3xx_HAL_Driver/Src/stm32f3xx_hal.c **** 
 171:Drivers/STM32F3xx_HAL_Driver/Src/stm32f3xx_hal.c **** /**
 172:Drivers/STM32F3xx_HAL_Driver/Src/stm32f3xx_hal.c ****   * @brief  This function de-Initializes common part of the HAL and stops the source
 173:Drivers/STM32F3xx_HAL_Driver/Src/stm32f3xx_hal.c ****   *         of time base.
 174:Drivers/STM32F3xx_HAL_Driver/Src/stm32f3xx_hal.c ****   *         This function is optional.
 175:Drivers/STM32F3xx_HAL_Driver/Src/stm32f3xx_hal.c ****   * @retval HAL status
 176:Drivers/STM32F3xx_HAL_Driver/Src/stm32f3xx_hal.c ****   */
 177:Drivers/STM32F3xx_HAL_Driver/Src/stm32f3xx_hal.c **** HAL_StatusTypeDef HAL_DeInit(void)
 178:Drivers/STM32F3xx_HAL_Driver/Src/stm32f3xx_hal.c **** {
  81              		.loc 1 178 0
  82              		.cfi_startproc
  83              		@ args = 0, pretend = 0, frame = 0
  84              		@ frame_needed = 1, uses_anonymous_args = 0
  85 0000 80B5     		push	{r7, lr}
  86              	.LCFI2:
  87              		.cfi_def_cfa_offset 8
  88              		.cfi_offset 7, -8
  89              		.cfi_offset 14, -4
  90 0002 00AF     		add	r7, sp, #0
  91              	.LCFI3:
  92              		.cfi_def_cfa_register 7
 179:Drivers/STM32F3xx_HAL_Driver/Src/stm32f3xx_hal.c ****   /* Reset of all peripherals */
 180:Drivers/STM32F3xx_HAL_Driver/Src/stm32f3xx_hal.c ****   __APB1_FORCE_RESET();
  93              		.loc 1 180 0
  94 0004 0C4B     		ldr	r3, .L7
  95 0006 4FF0FF32 		mov	r2, #-1
  96 000a 1A61     		str	r2, [r3, #16]
 181:Drivers/STM32F3xx_HAL_Driver/Src/stm32f3xx_hal.c ****   __APB1_RELEASE_RESET();
  97              		.loc 1 181 0
  98 000c 0A4B     		ldr	r3, .L7
  99 000e 0022     		movs	r2, #0
 100 0010 1A61     		str	r2, [r3, #16]
 182:Drivers/STM32F3xx_HAL_Driver/Src/stm32f3xx_hal.c **** 
 183:Drivers/STM32F3xx_HAL_Driver/Src/stm32f3xx_hal.c ****   __APB2_FORCE_RESET();
 101              		.loc 1 183 0
 102 0012 094B     		ldr	r3, .L7
 103 0014 4FF0FF32 		mov	r2, #-1
 104 0018 DA60     		str	r2, [r3, #12]
 184:Drivers/STM32F3xx_HAL_Driver/Src/stm32f3xx_hal.c ****   __APB2_RELEASE_RESET();
 105              		.loc 1 184 0
 106 001a 074B     		ldr	r3, .L7
ARM GAS  /tmp/ccpQQrer.s 			page 6


 107 001c 0022     		movs	r2, #0
 108 001e DA60     		str	r2, [r3, #12]
 185:Drivers/STM32F3xx_HAL_Driver/Src/stm32f3xx_hal.c **** 
 186:Drivers/STM32F3xx_HAL_Driver/Src/stm32f3xx_hal.c ****   __AHB_FORCE_RESET();
 109              		.loc 1 186 0
 110 0020 054B     		ldr	r3, .L7
 111 0022 4FF0FF32 		mov	r2, #-1
 112 0026 9A62     		str	r2, [r3, #40]
 187:Drivers/STM32F3xx_HAL_Driver/Src/stm32f3xx_hal.c ****   __AHB_RELEASE_RESET();
 113              		.loc 1 187 0
 114 0028 034B     		ldr	r3, .L7
 115 002a 0022     		movs	r2, #0
 116 002c 9A62     		str	r2, [r3, #40]
 188:Drivers/STM32F3xx_HAL_Driver/Src/stm32f3xx_hal.c **** 
 189:Drivers/STM32F3xx_HAL_Driver/Src/stm32f3xx_hal.c ****   /* De-Init the low level hardware */
 190:Drivers/STM32F3xx_HAL_Driver/Src/stm32f3xx_hal.c ****   HAL_MspDeInit();
 117              		.loc 1 190 0
 118 002e FFF7FEFF 		bl	HAL_MspDeInit
 191:Drivers/STM32F3xx_HAL_Driver/Src/stm32f3xx_hal.c **** 
 192:Drivers/STM32F3xx_HAL_Driver/Src/stm32f3xx_hal.c ****   /* Return function status */
 193:Drivers/STM32F3xx_HAL_Driver/Src/stm32f3xx_hal.c ****   return HAL_OK;
 119              		.loc 1 193 0
 120 0032 0023     		movs	r3, #0
 194:Drivers/STM32F3xx_HAL_Driver/Src/stm32f3xx_hal.c **** }
 121              		.loc 1 194 0
 122 0034 1846     		mov	r0, r3
 123 0036 80BD     		pop	{r7, pc}
 124              	.L8:
 125              		.align	2
 126              	.L7:
 127 0038 00100240 		.word	1073876992
 128              		.cfi_endproc
 129              	.LFE113:
 131              		.section	.text.HAL_MspInit,"ax",%progbits
 132              		.align	2
 133              		.weak	HAL_MspInit
 134              		.thumb
 135              		.thumb_func
 137              	HAL_MspInit:
 138              	.LFB114:
 195:Drivers/STM32F3xx_HAL_Driver/Src/stm32f3xx_hal.c **** 
 196:Drivers/STM32F3xx_HAL_Driver/Src/stm32f3xx_hal.c **** /**
 197:Drivers/STM32F3xx_HAL_Driver/Src/stm32f3xx_hal.c ****   * @brief  Initializes the MSP.
 198:Drivers/STM32F3xx_HAL_Driver/Src/stm32f3xx_hal.c ****   * @retval None
 199:Drivers/STM32F3xx_HAL_Driver/Src/stm32f3xx_hal.c ****   */
 200:Drivers/STM32F3xx_HAL_Driver/Src/stm32f3xx_hal.c **** __weak void HAL_MspInit(void)
 201:Drivers/STM32F3xx_HAL_Driver/Src/stm32f3xx_hal.c **** {
 139              		.loc 1 201 0
 140              		.cfi_startproc
 141              		@ args = 0, pretend = 0, frame = 0
 142              		@ frame_needed = 1, uses_anonymous_args = 0
 143              		@ link register save eliminated.
 144 0000 80B4     		push	{r7}
 145              	.LCFI4:
 146              		.cfi_def_cfa_offset 4
 147              		.cfi_offset 7, -4
 148 0002 00AF     		add	r7, sp, #0
ARM GAS  /tmp/ccpQQrer.s 			page 7


 149              	.LCFI5:
 150              		.cfi_def_cfa_register 7
 202:Drivers/STM32F3xx_HAL_Driver/Src/stm32f3xx_hal.c ****   /* NOTE : This function Should not be modified, when the callback is needed,
 203:Drivers/STM32F3xx_HAL_Driver/Src/stm32f3xx_hal.c ****             the HAL_MspInit could be implemented in the user file
 204:Drivers/STM32F3xx_HAL_Driver/Src/stm32f3xx_hal.c ****    */
 205:Drivers/STM32F3xx_HAL_Driver/Src/stm32f3xx_hal.c **** }
 151              		.loc 1 205 0
 152 0004 00BF     		nop
 153 0006 BD46     		mov	sp, r7
 154              	.LCFI6:
 155              		.cfi_def_cfa_register 13
 156              		@ sp needed
 157 0008 5DF8047B 		ldr	r7, [sp], #4
 158              	.LCFI7:
 159              		.cfi_restore 7
 160              		.cfi_def_cfa_offset 0
 161 000c 7047     		bx	lr
 162              		.cfi_endproc
 163              	.LFE114:
 165 000e 00BF     		.section	.text.HAL_MspDeInit,"ax",%progbits
 166              		.align	2
 167              		.weak	HAL_MspDeInit
 168              		.thumb
 169              		.thumb_func
 171              	HAL_MspDeInit:
 172              	.LFB115:
 206:Drivers/STM32F3xx_HAL_Driver/Src/stm32f3xx_hal.c **** 
 207:Drivers/STM32F3xx_HAL_Driver/Src/stm32f3xx_hal.c **** /**
 208:Drivers/STM32F3xx_HAL_Driver/Src/stm32f3xx_hal.c ****   * @brief  DeInitializes the MSP.
 209:Drivers/STM32F3xx_HAL_Driver/Src/stm32f3xx_hal.c ****   * @retval None
 210:Drivers/STM32F3xx_HAL_Driver/Src/stm32f3xx_hal.c ****   */
 211:Drivers/STM32F3xx_HAL_Driver/Src/stm32f3xx_hal.c **** __weak void HAL_MspDeInit(void)
 212:Drivers/STM32F3xx_HAL_Driver/Src/stm32f3xx_hal.c **** {
 173              		.loc 1 212 0
 174              		.cfi_startproc
 175              		@ args = 0, pretend = 0, frame = 0
 176              		@ frame_needed = 1, uses_anonymous_args = 0
 177              		@ link register save eliminated.
 178 0000 80B4     		push	{r7}
 179              	.LCFI8:
 180              		.cfi_def_cfa_offset 4
 181              		.cfi_offset 7, -4
 182 0002 00AF     		add	r7, sp, #0
 183              	.LCFI9:
 184              		.cfi_def_cfa_register 7
 213:Drivers/STM32F3xx_HAL_Driver/Src/stm32f3xx_hal.c ****   /* NOTE : This function Should not be modified, when the callback is needed,
 214:Drivers/STM32F3xx_HAL_Driver/Src/stm32f3xx_hal.c ****             the HAL_MspDeInit could be implemented in the user file
 215:Drivers/STM32F3xx_HAL_Driver/Src/stm32f3xx_hal.c ****    */
 216:Drivers/STM32F3xx_HAL_Driver/Src/stm32f3xx_hal.c **** }
 185              		.loc 1 216 0
 186 0004 00BF     		nop
 187 0006 BD46     		mov	sp, r7
 188              	.LCFI10:
 189              		.cfi_def_cfa_register 13
 190              		@ sp needed
 191 0008 5DF8047B 		ldr	r7, [sp], #4
 192              	.LCFI11:
ARM GAS  /tmp/ccpQQrer.s 			page 8


 193              		.cfi_restore 7
 194              		.cfi_def_cfa_offset 0
 195 000c 7047     		bx	lr
 196              		.cfi_endproc
 197              	.LFE115:
 199 000e 00BF     		.section	.text.HAL_InitTick,"ax",%progbits
 200              		.align	2
 201              		.weak	HAL_InitTick
 202              		.thumb
 203              		.thumb_func
 205              	HAL_InitTick:
 206              	.LFB116:
 217:Drivers/STM32F3xx_HAL_Driver/Src/stm32f3xx_hal.c **** 
 218:Drivers/STM32F3xx_HAL_Driver/Src/stm32f3xx_hal.c **** /**
 219:Drivers/STM32F3xx_HAL_Driver/Src/stm32f3xx_hal.c ****   * @brief  This function configures the source of the time base. 
 220:Drivers/STM32F3xx_HAL_Driver/Src/stm32f3xx_hal.c ****   *         The time source is configured  to have 1ms time base with a dedicated 
 221:Drivers/STM32F3xx_HAL_Driver/Src/stm32f3xx_hal.c ****   *         Tick interrupt priority. 
 222:Drivers/STM32F3xx_HAL_Driver/Src/stm32f3xx_hal.c ****   * @note   This function is called  automatically at the beginning of program after
 223:Drivers/STM32F3xx_HAL_Driver/Src/stm32f3xx_hal.c ****   *         reset by HAL_Init() or at any time when clock is reconfigured  by HAL_RCC_ClockConfig()
 224:Drivers/STM32F3xx_HAL_Driver/Src/stm32f3xx_hal.c ****   * @note   In the default implementation , SysTick timer is the source of time base. 
 225:Drivers/STM32F3xx_HAL_Driver/Src/stm32f3xx_hal.c ****   *         It is used to generate interrupts at regular time intervals. 
 226:Drivers/STM32F3xx_HAL_Driver/Src/stm32f3xx_hal.c ****   *         Care must be taken if HAL_Delay() is called from a peripheral ISR process, 
 227:Drivers/STM32F3xx_HAL_Driver/Src/stm32f3xx_hal.c ****   *         The the SysTick interrupt must have higher priority (numerically lower) 
 228:Drivers/STM32F3xx_HAL_Driver/Src/stm32f3xx_hal.c ****   *         than the peripheral interrupt. Otherwise the caller ISR process will be blocked.
 229:Drivers/STM32F3xx_HAL_Driver/Src/stm32f3xx_hal.c ****   *         The function is declared as __Weak  to be overwritten  in case of other
 230:Drivers/STM32F3xx_HAL_Driver/Src/stm32f3xx_hal.c ****   *         implementation  in user file.
 231:Drivers/STM32F3xx_HAL_Driver/Src/stm32f3xx_hal.c ****   * @param  TickPriority: Tick interrupt priorty.
 232:Drivers/STM32F3xx_HAL_Driver/Src/stm32f3xx_hal.c ****   * @retval HAL status
 233:Drivers/STM32F3xx_HAL_Driver/Src/stm32f3xx_hal.c ****   */
 234:Drivers/STM32F3xx_HAL_Driver/Src/stm32f3xx_hal.c **** __weak HAL_StatusTypeDef HAL_InitTick(uint32_t TickPriority)
 235:Drivers/STM32F3xx_HAL_Driver/Src/stm32f3xx_hal.c **** 
 236:Drivers/STM32F3xx_HAL_Driver/Src/stm32f3xx_hal.c **** {
 207              		.loc 1 236 0
 208              		.cfi_startproc
 209              		@ args = 0, pretend = 0, frame = 8
 210              		@ frame_needed = 1, uses_anonymous_args = 0
 211 0000 80B5     		push	{r7, lr}
 212              	.LCFI12:
 213              		.cfi_def_cfa_offset 8
 214              		.cfi_offset 7, -8
 215              		.cfi_offset 14, -4
 216 0002 82B0     		sub	sp, sp, #8
 217              	.LCFI13:
 218              		.cfi_def_cfa_offset 16
 219 0004 00AF     		add	r7, sp, #0
 220              	.LCFI14:
 221              		.cfi_def_cfa_register 7
 222 0006 7860     		str	r0, [r7, #4]
 237:Drivers/STM32F3xx_HAL_Driver/Src/stm32f3xx_hal.c ****   /*Configure the SysTick to have interrupt in 1ms time basis*/
 238:Drivers/STM32F3xx_HAL_Driver/Src/stm32f3xx_hal.c ****   HAL_SYSTICK_Config(HAL_RCC_GetHCLKFreq()/1000);
 223              		.loc 1 238 0
 224 0008 FFF7FEFF 		bl	HAL_RCC_GetHCLKFreq
 225 000c 0246     		mov	r2, r0
 226 000e 094B     		ldr	r3, .L13
 227 0010 A3FB0223 		umull	r2, r3, r3, r2
 228 0014 9B09     		lsrs	r3, r3, #6
 229 0016 1846     		mov	r0, r3
ARM GAS  /tmp/ccpQQrer.s 			page 9


 230 0018 FFF7FEFF 		bl	HAL_SYSTICK_Config
 239:Drivers/STM32F3xx_HAL_Driver/Src/stm32f3xx_hal.c ****  
 240:Drivers/STM32F3xx_HAL_Driver/Src/stm32f3xx_hal.c ****   /*Configure the SysTick IRQ priority */
 241:Drivers/STM32F3xx_HAL_Driver/Src/stm32f3xx_hal.c ****   HAL_NVIC_SetPriority(SysTick_IRQn, TickPriority ,0);
 231              		.loc 1 241 0
 232 001c 0022     		movs	r2, #0
 233 001e 7968     		ldr	r1, [r7, #4]
 234 0020 4FF0FF30 		mov	r0, #-1
 235 0024 FFF7FEFF 		bl	HAL_NVIC_SetPriority
 242:Drivers/STM32F3xx_HAL_Driver/Src/stm32f3xx_hal.c **** 
 243:Drivers/STM32F3xx_HAL_Driver/Src/stm32f3xx_hal.c ****    /* Return function status */
 244:Drivers/STM32F3xx_HAL_Driver/Src/stm32f3xx_hal.c ****   return HAL_OK;
 236              		.loc 1 244 0
 237 0028 0023     		movs	r3, #0
 245:Drivers/STM32F3xx_HAL_Driver/Src/stm32f3xx_hal.c **** }
 238              		.loc 1 245 0
 239 002a 1846     		mov	r0, r3
 240 002c 0837     		adds	r7, r7, #8
 241              	.LCFI15:
 242              		.cfi_def_cfa_offset 8
 243 002e BD46     		mov	sp, r7
 244              	.LCFI16:
 245              		.cfi_def_cfa_register 13
 246              		@ sp needed
 247 0030 80BD     		pop	{r7, pc}
 248              	.L14:
 249 0032 00BF     		.align	2
 250              	.L13:
 251 0034 D34D6210 		.word	274877907
 252              		.cfi_endproc
 253              	.LFE116:
 255              		.section	.text.HAL_IncTick,"ax",%progbits
 256              		.align	2
 257              		.weak	HAL_IncTick
 258              		.thumb
 259              		.thumb_func
 261              	HAL_IncTick:
 262              	.LFB117:
 246:Drivers/STM32F3xx_HAL_Driver/Src/stm32f3xx_hal.c **** 
 247:Drivers/STM32F3xx_HAL_Driver/Src/stm32f3xx_hal.c **** /**
 248:Drivers/STM32F3xx_HAL_Driver/Src/stm32f3xx_hal.c ****   * @}
 249:Drivers/STM32F3xx_HAL_Driver/Src/stm32f3xx_hal.c ****   */
 250:Drivers/STM32F3xx_HAL_Driver/Src/stm32f3xx_hal.c **** 
 251:Drivers/STM32F3xx_HAL_Driver/Src/stm32f3xx_hal.c **** /** @defgroup HAL_Exported_Functions_Group2 HAL Control functions 
 252:Drivers/STM32F3xx_HAL_Driver/Src/stm32f3xx_hal.c ****  *  @brief    HAL Control functions
 253:Drivers/STM32F3xx_HAL_Driver/Src/stm32f3xx_hal.c ****  *
 254:Drivers/STM32F3xx_HAL_Driver/Src/stm32f3xx_hal.c **** @verbatim
 255:Drivers/STM32F3xx_HAL_Driver/Src/stm32f3xx_hal.c ****  ===============================================================================
 256:Drivers/STM32F3xx_HAL_Driver/Src/stm32f3xx_hal.c ****                       ##### HAL Control functions #####
 257:Drivers/STM32F3xx_HAL_Driver/Src/stm32f3xx_hal.c ****  ===============================================================================
 258:Drivers/STM32F3xx_HAL_Driver/Src/stm32f3xx_hal.c ****     [..]  This section provides functions allowing to:
 259:Drivers/STM32F3xx_HAL_Driver/Src/stm32f3xx_hal.c ****       (+) provide a tick value in millisecond
 260:Drivers/STM32F3xx_HAL_Driver/Src/stm32f3xx_hal.c ****       (+) provide a blocking delay in millisecond
 261:Drivers/STM32F3xx_HAL_Driver/Src/stm32f3xx_hal.c ****       (+) Suspend the time base source interrupt
 262:Drivers/STM32F3xx_HAL_Driver/Src/stm32f3xx_hal.c ****       (+) Resume the time base source interrupt
 263:Drivers/STM32F3xx_HAL_Driver/Src/stm32f3xx_hal.c ****       (+) Get the HAL API driver version
 264:Drivers/STM32F3xx_HAL_Driver/Src/stm32f3xx_hal.c ****       (+) Get the device identifier
ARM GAS  /tmp/ccpQQrer.s 			page 10


 265:Drivers/STM32F3xx_HAL_Driver/Src/stm32f3xx_hal.c ****       (+) Get the device revision identifier
 266:Drivers/STM32F3xx_HAL_Driver/Src/stm32f3xx_hal.c ****       (+) Enable/Disable Debug module during Sleep mode
 267:Drivers/STM32F3xx_HAL_Driver/Src/stm32f3xx_hal.c ****       (+) Enable/Disable Debug module during STOP mode
 268:Drivers/STM32F3xx_HAL_Driver/Src/stm32f3xx_hal.c ****       (+) Enable/Disable Debug module during STANDBY mode
 269:Drivers/STM32F3xx_HAL_Driver/Src/stm32f3xx_hal.c ****       
 270:Drivers/STM32F3xx_HAL_Driver/Src/stm32f3xx_hal.c **** 
 271:Drivers/STM32F3xx_HAL_Driver/Src/stm32f3xx_hal.c **** @endverbatim
 272:Drivers/STM32F3xx_HAL_Driver/Src/stm32f3xx_hal.c ****   * @{
 273:Drivers/STM32F3xx_HAL_Driver/Src/stm32f3xx_hal.c ****   */
 274:Drivers/STM32F3xx_HAL_Driver/Src/stm32f3xx_hal.c **** 
 275:Drivers/STM32F3xx_HAL_Driver/Src/stm32f3xx_hal.c **** /**
 276:Drivers/STM32F3xx_HAL_Driver/Src/stm32f3xx_hal.c ****   * @brief  This function is called to increment  a global variable "uwTick"
 277:Drivers/STM32F3xx_HAL_Driver/Src/stm32f3xx_hal.c ****   *         used as application time base.
 278:Drivers/STM32F3xx_HAL_Driver/Src/stm32f3xx_hal.c ****   * @note   In the default implemetation, this variable is incremented each 1ms
 279:Drivers/STM32F3xx_HAL_Driver/Src/stm32f3xx_hal.c ****   *         in Systick ISR.
 280:Drivers/STM32F3xx_HAL_Driver/Src/stm32f3xx_hal.c ****   *         The function is declared as __Weak  to be overwritten  in case of other 
 281:Drivers/STM32F3xx_HAL_Driver/Src/stm32f3xx_hal.c ****   *         implementations  in user file.
 282:Drivers/STM32F3xx_HAL_Driver/Src/stm32f3xx_hal.c ****   * @retval None
 283:Drivers/STM32F3xx_HAL_Driver/Src/stm32f3xx_hal.c ****   */
 284:Drivers/STM32F3xx_HAL_Driver/Src/stm32f3xx_hal.c **** __weak void HAL_IncTick(void)
 285:Drivers/STM32F3xx_HAL_Driver/Src/stm32f3xx_hal.c **** {
 263              		.loc 1 285 0
 264              		.cfi_startproc
 265              		@ args = 0, pretend = 0, frame = 0
 266              		@ frame_needed = 1, uses_anonymous_args = 0
 267              		@ link register save eliminated.
 268 0000 80B4     		push	{r7}
 269              	.LCFI17:
 270              		.cfi_def_cfa_offset 4
 271              		.cfi_offset 7, -4
 272 0002 00AF     		add	r7, sp, #0
 273              	.LCFI18:
 274              		.cfi_def_cfa_register 7
 286:Drivers/STM32F3xx_HAL_Driver/Src/stm32f3xx_hal.c ****   uwTick++;
 275              		.loc 1 286 0
 276 0004 044B     		ldr	r3, .L16
 277 0006 1B68     		ldr	r3, [r3]
 278 0008 0133     		adds	r3, r3, #1
 279 000a 034A     		ldr	r2, .L16
 280 000c 1360     		str	r3, [r2]
 287:Drivers/STM32F3xx_HAL_Driver/Src/stm32f3xx_hal.c **** }
 281              		.loc 1 287 0
 282 000e 00BF     		nop
 283 0010 BD46     		mov	sp, r7
 284              	.LCFI19:
 285              		.cfi_def_cfa_register 13
 286              		@ sp needed
 287 0012 5DF8047B 		ldr	r7, [sp], #4
 288              	.LCFI20:
 289              		.cfi_restore 7
 290              		.cfi_def_cfa_offset 0
 291 0016 7047     		bx	lr
 292              	.L17:
 293              		.align	2
 294              	.L16:
 295 0018 00000000 		.word	uwTick
 296              		.cfi_endproc
ARM GAS  /tmp/ccpQQrer.s 			page 11


 297              	.LFE117:
 299              		.section	.text.HAL_GetTick,"ax",%progbits
 300              		.align	2
 301              		.weak	HAL_GetTick
 302              		.thumb
 303              		.thumb_func
 305              	HAL_GetTick:
 306              	.LFB118:
 288:Drivers/STM32F3xx_HAL_Driver/Src/stm32f3xx_hal.c **** 
 289:Drivers/STM32F3xx_HAL_Driver/Src/stm32f3xx_hal.c **** /**
 290:Drivers/STM32F3xx_HAL_Driver/Src/stm32f3xx_hal.c ****   * @brief  Povides a tick value in millisecond.
 291:Drivers/STM32F3xx_HAL_Driver/Src/stm32f3xx_hal.c ****   * @note   The function is declared as __Weak  to be overwritten  in case of other 
 292:Drivers/STM32F3xx_HAL_Driver/Src/stm32f3xx_hal.c ****   *         implementations  in user file.
 293:Drivers/STM32F3xx_HAL_Driver/Src/stm32f3xx_hal.c ****   * @retval tick value
 294:Drivers/STM32F3xx_HAL_Driver/Src/stm32f3xx_hal.c ****   */
 295:Drivers/STM32F3xx_HAL_Driver/Src/stm32f3xx_hal.c **** __weak uint32_t HAL_GetTick(void)
 296:Drivers/STM32F3xx_HAL_Driver/Src/stm32f3xx_hal.c **** {
 307              		.loc 1 296 0
 308              		.cfi_startproc
 309              		@ args = 0, pretend = 0, frame = 0
 310              		@ frame_needed = 1, uses_anonymous_args = 0
 311              		@ link register save eliminated.
 312 0000 80B4     		push	{r7}
 313              	.LCFI21:
 314              		.cfi_def_cfa_offset 4
 315              		.cfi_offset 7, -4
 316 0002 00AF     		add	r7, sp, #0
 317              	.LCFI22:
 318              		.cfi_def_cfa_register 7
 297:Drivers/STM32F3xx_HAL_Driver/Src/stm32f3xx_hal.c ****   return uwTick;  
 319              		.loc 1 297 0
 320 0004 034B     		ldr	r3, .L20
 321 0006 1B68     		ldr	r3, [r3]
 298:Drivers/STM32F3xx_HAL_Driver/Src/stm32f3xx_hal.c **** }
 322              		.loc 1 298 0
 323 0008 1846     		mov	r0, r3
 324 000a BD46     		mov	sp, r7
 325              	.LCFI23:
 326              		.cfi_def_cfa_register 13
 327              		@ sp needed
 328 000c 5DF8047B 		ldr	r7, [sp], #4
 329              	.LCFI24:
 330              		.cfi_restore 7
 331              		.cfi_def_cfa_offset 0
 332 0010 7047     		bx	lr
 333              	.L21:
 334 0012 00BF     		.align	2
 335              	.L20:
 336 0014 00000000 		.word	uwTick
 337              		.cfi_endproc
 338              	.LFE118:
 340              		.section	.text.HAL_Delay,"ax",%progbits
 341              		.align	2
 342              		.weak	HAL_Delay
 343              		.thumb
 344              		.thumb_func
 346              	HAL_Delay:
ARM GAS  /tmp/ccpQQrer.s 			page 12


 347              	.LFB119:
 299:Drivers/STM32F3xx_HAL_Driver/Src/stm32f3xx_hal.c **** 
 300:Drivers/STM32F3xx_HAL_Driver/Src/stm32f3xx_hal.c **** /**
 301:Drivers/STM32F3xx_HAL_Driver/Src/stm32f3xx_hal.c ****   * @brief  This function provides accurate delay (in milliseconds) based 
 302:Drivers/STM32F3xx_HAL_Driver/Src/stm32f3xx_hal.c ****   *         on variable incremented.
 303:Drivers/STM32F3xx_HAL_Driver/Src/stm32f3xx_hal.c ****   * @note   In the default implementation , SysTick timer is the source of time base. 
 304:Drivers/STM32F3xx_HAL_Driver/Src/stm32f3xx_hal.c ****   *         It is used to generate interrupts at regular time intervals where uwTick
 305:Drivers/STM32F3xx_HAL_Driver/Src/stm32f3xx_hal.c ****   *         is incremented.
 306:Drivers/STM32F3xx_HAL_Driver/Src/stm32f3xx_hal.c ****   *         The function is declared as __Weak  to be overwritten  in case of other
 307:Drivers/STM32F3xx_HAL_Driver/Src/stm32f3xx_hal.c ****   *         implementations  in user file.
 308:Drivers/STM32F3xx_HAL_Driver/Src/stm32f3xx_hal.c ****   * @param  Delay: specifies the delay time length, in milliseconds.
 309:Drivers/STM32F3xx_HAL_Driver/Src/stm32f3xx_hal.c ****   * @retval None
 310:Drivers/STM32F3xx_HAL_Driver/Src/stm32f3xx_hal.c ****   */
 311:Drivers/STM32F3xx_HAL_Driver/Src/stm32f3xx_hal.c **** __weak void HAL_Delay(__IO uint32_t Delay)
 312:Drivers/STM32F3xx_HAL_Driver/Src/stm32f3xx_hal.c **** {
 348              		.loc 1 312 0
 349              		.cfi_startproc
 350              		@ args = 0, pretend = 0, frame = 16
 351              		@ frame_needed = 1, uses_anonymous_args = 0
 352 0000 80B5     		push	{r7, lr}
 353              	.LCFI25:
 354              		.cfi_def_cfa_offset 8
 355              		.cfi_offset 7, -8
 356              		.cfi_offset 14, -4
 357 0002 84B0     		sub	sp, sp, #16
 358              	.LCFI26:
 359              		.cfi_def_cfa_offset 24
 360 0004 00AF     		add	r7, sp, #0
 361              	.LCFI27:
 362              		.cfi_def_cfa_register 7
 363 0006 7860     		str	r0, [r7, #4]
 313:Drivers/STM32F3xx_HAL_Driver/Src/stm32f3xx_hal.c ****   uint32_t tickstart = HAL_GetTick();
 364              		.loc 1 313 0
 365 0008 FFF7FEFF 		bl	HAL_GetTick
 366 000c F860     		str	r0, [r7, #12]
 314:Drivers/STM32F3xx_HAL_Driver/Src/stm32f3xx_hal.c ****   while((HAL_GetTick() - tickstart) < Delay)
 367              		.loc 1 314 0
 368 000e 00BF     		nop
 369              	.L23:
 370              		.loc 1 314 0 is_stmt 0 discriminator 1
 371 0010 FFF7FEFF 		bl	HAL_GetTick
 372 0014 0246     		mov	r2, r0
 373 0016 FB68     		ldr	r3, [r7, #12]
 374 0018 D21A     		subs	r2, r2, r3
 375 001a 7B68     		ldr	r3, [r7, #4]
 376 001c 9A42     		cmp	r2, r3
 377 001e F7D3     		bcc	.L23
 315:Drivers/STM32F3xx_HAL_Driver/Src/stm32f3xx_hal.c ****   {
 316:Drivers/STM32F3xx_HAL_Driver/Src/stm32f3xx_hal.c ****   }
 317:Drivers/STM32F3xx_HAL_Driver/Src/stm32f3xx_hal.c **** }
 378              		.loc 1 317 0 is_stmt 1
 379 0020 00BF     		nop
 380 0022 1037     		adds	r7, r7, #16
 381              	.LCFI28:
 382              		.cfi_def_cfa_offset 8
 383 0024 BD46     		mov	sp, r7
 384              	.LCFI29:
ARM GAS  /tmp/ccpQQrer.s 			page 13


 385              		.cfi_def_cfa_register 13
 386              		@ sp needed
 387 0026 80BD     		pop	{r7, pc}
 388              		.cfi_endproc
 389              	.LFE119:
 391              		.section	.text.HAL_SuspendTick,"ax",%progbits
 392              		.align	2
 393              		.weak	HAL_SuspendTick
 394              		.thumb
 395              		.thumb_func
 397              	HAL_SuspendTick:
 398              	.LFB120:
 318:Drivers/STM32F3xx_HAL_Driver/Src/stm32f3xx_hal.c **** 
 319:Drivers/STM32F3xx_HAL_Driver/Src/stm32f3xx_hal.c **** /**
 320:Drivers/STM32F3xx_HAL_Driver/Src/stm32f3xx_hal.c ****   * @brief  Suspend Tick increment.
 321:Drivers/STM32F3xx_HAL_Driver/Src/stm32f3xx_hal.c ****   * @note   In the default implementation , SysTick timer is the source of time base. It is  
 322:Drivers/STM32F3xx_HAL_Driver/Src/stm32f3xx_hal.c ****   *         used to generate interrupts at regular time intervals. Once HAL_SuspendTick()
 323:Drivers/STM32F3xx_HAL_Driver/Src/stm32f3xx_hal.c ****   *         is called, the the SysTick interrupt will be disabled and so Tick increment 
 324:Drivers/STM32F3xx_HAL_Driver/Src/stm32f3xx_hal.c ****   *         is suspended.
 325:Drivers/STM32F3xx_HAL_Driver/Src/stm32f3xx_hal.c ****   *         The function is declared as __Weak  to be overwritten  in case of other
 326:Drivers/STM32F3xx_HAL_Driver/Src/stm32f3xx_hal.c ****   *         implementations  in user file.
 327:Drivers/STM32F3xx_HAL_Driver/Src/stm32f3xx_hal.c ****   * @retval None
 328:Drivers/STM32F3xx_HAL_Driver/Src/stm32f3xx_hal.c ****   */
 329:Drivers/STM32F3xx_HAL_Driver/Src/stm32f3xx_hal.c **** __weak void HAL_SuspendTick(void)
 330:Drivers/STM32F3xx_HAL_Driver/Src/stm32f3xx_hal.c **** 
 331:Drivers/STM32F3xx_HAL_Driver/Src/stm32f3xx_hal.c **** {
 399              		.loc 1 331 0
 400              		.cfi_startproc
 401              		@ args = 0, pretend = 0, frame = 0
 402              		@ frame_needed = 1, uses_anonymous_args = 0
 403              		@ link register save eliminated.
 404 0000 80B4     		push	{r7}
 405              	.LCFI30:
 406              		.cfi_def_cfa_offset 4
 407              		.cfi_offset 7, -4
 408 0002 00AF     		add	r7, sp, #0
 409              	.LCFI31:
 410              		.cfi_def_cfa_register 7
 332:Drivers/STM32F3xx_HAL_Driver/Src/stm32f3xx_hal.c ****   /* Disable SysTick Interrupt */
 333:Drivers/STM32F3xx_HAL_Driver/Src/stm32f3xx_hal.c ****   SysTick->CTRL &= ~SysTick_CTRL_TICKINT_Msk;
 411              		.loc 1 333 0
 412 0004 054A     		ldr	r2, .L25
 413 0006 054B     		ldr	r3, .L25
 414 0008 1B68     		ldr	r3, [r3]
 415 000a 23F00203 		bic	r3, r3, #2
 416 000e 1360     		str	r3, [r2]
 334:Drivers/STM32F3xx_HAL_Driver/Src/stm32f3xx_hal.c ****                                                    
 335:Drivers/STM32F3xx_HAL_Driver/Src/stm32f3xx_hal.c **** }
 417              		.loc 1 335 0
 418 0010 00BF     		nop
 419 0012 BD46     		mov	sp, r7
 420              	.LCFI32:
 421              		.cfi_def_cfa_register 13
 422              		@ sp needed
 423 0014 5DF8047B 		ldr	r7, [sp], #4
 424              	.LCFI33:
 425              		.cfi_restore 7
ARM GAS  /tmp/ccpQQrer.s 			page 14


 426              		.cfi_def_cfa_offset 0
 427 0018 7047     		bx	lr
 428              	.L26:
 429 001a 00BF     		.align	2
 430              	.L25:
 431 001c 10E000E0 		.word	-536813552
 432              		.cfi_endproc
 433              	.LFE120:
 435              		.section	.text.HAL_ResumeTick,"ax",%progbits
 436              		.align	2
 437              		.weak	HAL_ResumeTick
 438              		.thumb
 439              		.thumb_func
 441              	HAL_ResumeTick:
 442              	.LFB121:
 336:Drivers/STM32F3xx_HAL_Driver/Src/stm32f3xx_hal.c **** 
 337:Drivers/STM32F3xx_HAL_Driver/Src/stm32f3xx_hal.c **** /**
 338:Drivers/STM32F3xx_HAL_Driver/Src/stm32f3xx_hal.c ****   * @brief  Resume Tick increment.
 339:Drivers/STM32F3xx_HAL_Driver/Src/stm32f3xx_hal.c ****   * @note   In the default implementation , SysTick timer is the source of time base. It is  
 340:Drivers/STM32F3xx_HAL_Driver/Src/stm32f3xx_hal.c ****   *         used to generate interrupts at regular time intervals. Once HAL_ResumeTick()
 341:Drivers/STM32F3xx_HAL_Driver/Src/stm32f3xx_hal.c ****   *         is called, the the SysTick interrupt will be enabled and so Tick increment 
 342:Drivers/STM32F3xx_HAL_Driver/Src/stm32f3xx_hal.c ****   *         is resumed.
 343:Drivers/STM32F3xx_HAL_Driver/Src/stm32f3xx_hal.c ****   *         The function is declared as __Weak  to be overwritten  in case of other
 344:Drivers/STM32F3xx_HAL_Driver/Src/stm32f3xx_hal.c ****   *         implementations  in user file.
 345:Drivers/STM32F3xx_HAL_Driver/Src/stm32f3xx_hal.c ****   * @retval None
 346:Drivers/STM32F3xx_HAL_Driver/Src/stm32f3xx_hal.c ****   */
 347:Drivers/STM32F3xx_HAL_Driver/Src/stm32f3xx_hal.c **** __weak void HAL_ResumeTick(void)
 348:Drivers/STM32F3xx_HAL_Driver/Src/stm32f3xx_hal.c **** {
 443              		.loc 1 348 0
 444              		.cfi_startproc
 445              		@ args = 0, pretend = 0, frame = 0
 446              		@ frame_needed = 1, uses_anonymous_args = 0
 447              		@ link register save eliminated.
 448 0000 80B4     		push	{r7}
 449              	.LCFI34:
 450              		.cfi_def_cfa_offset 4
 451              		.cfi_offset 7, -4
 452 0002 00AF     		add	r7, sp, #0
 453              	.LCFI35:
 454              		.cfi_def_cfa_register 7
 349:Drivers/STM32F3xx_HAL_Driver/Src/stm32f3xx_hal.c ****   /* Enable SysTick Interrupt */
 350:Drivers/STM32F3xx_HAL_Driver/Src/stm32f3xx_hal.c ****   SysTick->CTRL  |= SysTick_CTRL_TICKINT_Msk;
 455              		.loc 1 350 0
 456 0004 054A     		ldr	r2, .L28
 457 0006 054B     		ldr	r3, .L28
 458 0008 1B68     		ldr	r3, [r3]
 459 000a 43F00203 		orr	r3, r3, #2
 460 000e 1360     		str	r3, [r2]
 351:Drivers/STM32F3xx_HAL_Driver/Src/stm32f3xx_hal.c ****   
 352:Drivers/STM32F3xx_HAL_Driver/Src/stm32f3xx_hal.c **** }
 461              		.loc 1 352 0
 462 0010 00BF     		nop
 463 0012 BD46     		mov	sp, r7
 464              	.LCFI36:
 465              		.cfi_def_cfa_register 13
 466              		@ sp needed
 467 0014 5DF8047B 		ldr	r7, [sp], #4
ARM GAS  /tmp/ccpQQrer.s 			page 15


 468              	.LCFI37:
 469              		.cfi_restore 7
 470              		.cfi_def_cfa_offset 0
 471 0018 7047     		bx	lr
 472              	.L29:
 473 001a 00BF     		.align	2
 474              	.L28:
 475 001c 10E000E0 		.word	-536813552
 476              		.cfi_endproc
 477              	.LFE121:
 479              		.section	.text.HAL_GetHalVersion,"ax",%progbits
 480              		.align	2
 481              		.global	HAL_GetHalVersion
 482              		.thumb
 483              		.thumb_func
 485              	HAL_GetHalVersion:
 486              	.LFB122:
 353:Drivers/STM32F3xx_HAL_Driver/Src/stm32f3xx_hal.c **** 
 354:Drivers/STM32F3xx_HAL_Driver/Src/stm32f3xx_hal.c **** /**
 355:Drivers/STM32F3xx_HAL_Driver/Src/stm32f3xx_hal.c ****   * @brief  This function returns the HAL revision
 356:Drivers/STM32F3xx_HAL_Driver/Src/stm32f3xx_hal.c ****   * @retval version : 0xXYZR (8bits for each decimal, R for RC)
 357:Drivers/STM32F3xx_HAL_Driver/Src/stm32f3xx_hal.c ****   */
 358:Drivers/STM32F3xx_HAL_Driver/Src/stm32f3xx_hal.c **** uint32_t HAL_GetHalVersion(void)
 359:Drivers/STM32F3xx_HAL_Driver/Src/stm32f3xx_hal.c **** {
 487              		.loc 1 359 0
 488              		.cfi_startproc
 489              		@ args = 0, pretend = 0, frame = 0
 490              		@ frame_needed = 1, uses_anonymous_args = 0
 491              		@ link register save eliminated.
 492 0000 80B4     		push	{r7}
 493              	.LCFI38:
 494              		.cfi_def_cfa_offset 4
 495              		.cfi_offset 7, -4
 496 0002 00AF     		add	r7, sp, #0
 497              	.LCFI39:
 498              		.cfi_def_cfa_register 7
 360:Drivers/STM32F3xx_HAL_Driver/Src/stm32f3xx_hal.c ****  return __STM32F3xx_HAL_VERSION;
 499              		.loc 1 360 0
 500 0004 024B     		ldr	r3, .L32
 361:Drivers/STM32F3xx_HAL_Driver/Src/stm32f3xx_hal.c **** }
 501              		.loc 1 361 0
 502 0006 1846     		mov	r0, r3
 503 0008 BD46     		mov	sp, r7
 504              	.LCFI40:
 505              		.cfi_def_cfa_register 13
 506              		@ sp needed
 507 000a 5DF8047B 		ldr	r7, [sp], #4
 508              	.LCFI41:
 509              		.cfi_restore 7
 510              		.cfi_def_cfa_offset 0
 511 000e 7047     		bx	lr
 512              	.L33:
 513              		.align	2
 514              	.L32:
 515 0010 00000101 		.word	16842752
 516              		.cfi_endproc
 517              	.LFE122:
ARM GAS  /tmp/ccpQQrer.s 			page 16


 519              		.section	.text.HAL_GetREVID,"ax",%progbits
 520              		.align	2
 521              		.global	HAL_GetREVID
 522              		.thumb
 523              		.thumb_func
 525              	HAL_GetREVID:
 526              	.LFB123:
 362:Drivers/STM32F3xx_HAL_Driver/Src/stm32f3xx_hal.c **** 
 363:Drivers/STM32F3xx_HAL_Driver/Src/stm32f3xx_hal.c **** /**
 364:Drivers/STM32F3xx_HAL_Driver/Src/stm32f3xx_hal.c ****   * @brief  Returns the device revision identifier.
 365:Drivers/STM32F3xx_HAL_Driver/Src/stm32f3xx_hal.c ****   * @retval Device revision identifier
 366:Drivers/STM32F3xx_HAL_Driver/Src/stm32f3xx_hal.c ****   */
 367:Drivers/STM32F3xx_HAL_Driver/Src/stm32f3xx_hal.c **** uint32_t HAL_GetREVID(void)
 368:Drivers/STM32F3xx_HAL_Driver/Src/stm32f3xx_hal.c **** {
 527              		.loc 1 368 0
 528              		.cfi_startproc
 529              		@ args = 0, pretend = 0, frame = 0
 530              		@ frame_needed = 1, uses_anonymous_args = 0
 531              		@ link register save eliminated.
 532 0000 80B4     		push	{r7}
 533              	.LCFI42:
 534              		.cfi_def_cfa_offset 4
 535              		.cfi_offset 7, -4
 536 0002 00AF     		add	r7, sp, #0
 537              	.LCFI43:
 538              		.cfi_def_cfa_register 7
 369:Drivers/STM32F3xx_HAL_Driver/Src/stm32f3xx_hal.c ****   return((DBGMCU->IDCODE) >> 16);
 539              		.loc 1 369 0
 540 0004 034B     		ldr	r3, .L36
 541 0006 1B68     		ldr	r3, [r3]
 542 0008 1B0C     		lsrs	r3, r3, #16
 370:Drivers/STM32F3xx_HAL_Driver/Src/stm32f3xx_hal.c **** }
 543              		.loc 1 370 0
 544 000a 1846     		mov	r0, r3
 545 000c BD46     		mov	sp, r7
 546              	.LCFI44:
 547              		.cfi_def_cfa_register 13
 548              		@ sp needed
 549 000e 5DF8047B 		ldr	r7, [sp], #4
 550              	.LCFI45:
 551              		.cfi_restore 7
 552              		.cfi_def_cfa_offset 0
 553 0012 7047     		bx	lr
 554              	.L37:
 555              		.align	2
 556              	.L36:
 557 0014 002004E0 		.word	-536600576
 558              		.cfi_endproc
 559              	.LFE123:
 561              		.section	.text.HAL_GetDEVID,"ax",%progbits
 562              		.align	2
 563              		.global	HAL_GetDEVID
 564              		.thumb
 565              		.thumb_func
 567              	HAL_GetDEVID:
 568              	.LFB124:
 371:Drivers/STM32F3xx_HAL_Driver/Src/stm32f3xx_hal.c **** 
ARM GAS  /tmp/ccpQQrer.s 			page 17


 372:Drivers/STM32F3xx_HAL_Driver/Src/stm32f3xx_hal.c **** /**
 373:Drivers/STM32F3xx_HAL_Driver/Src/stm32f3xx_hal.c ****   * @brief  Returns the device identifier.
 374:Drivers/STM32F3xx_HAL_Driver/Src/stm32f3xx_hal.c ****   * @retval Device identifier
 375:Drivers/STM32F3xx_HAL_Driver/Src/stm32f3xx_hal.c ****   */
 376:Drivers/STM32F3xx_HAL_Driver/Src/stm32f3xx_hal.c **** uint32_t HAL_GetDEVID(void)
 377:Drivers/STM32F3xx_HAL_Driver/Src/stm32f3xx_hal.c **** {
 569              		.loc 1 377 0
 570              		.cfi_startproc
 571              		@ args = 0, pretend = 0, frame = 0
 572              		@ frame_needed = 1, uses_anonymous_args = 0
 573              		@ link register save eliminated.
 574 0000 80B4     		push	{r7}
 575              	.LCFI46:
 576              		.cfi_def_cfa_offset 4
 577              		.cfi_offset 7, -4
 578 0002 00AF     		add	r7, sp, #0
 579              	.LCFI47:
 580              		.cfi_def_cfa_register 7
 378:Drivers/STM32F3xx_HAL_Driver/Src/stm32f3xx_hal.c ****   return((DBGMCU->IDCODE) & IDCODE_DEVID_MASK);
 581              		.loc 1 378 0
 582 0004 044B     		ldr	r3, .L40
 583 0006 1B68     		ldr	r3, [r3]
 584 0008 C3F30B03 		ubfx	r3, r3, #0, #12
 379:Drivers/STM32F3xx_HAL_Driver/Src/stm32f3xx_hal.c **** }
 585              		.loc 1 379 0
 586 000c 1846     		mov	r0, r3
 587 000e BD46     		mov	sp, r7
 588              	.LCFI48:
 589              		.cfi_def_cfa_register 13
 590              		@ sp needed
 591 0010 5DF8047B 		ldr	r7, [sp], #4
 592              	.LCFI49:
 593              		.cfi_restore 7
 594              		.cfi_def_cfa_offset 0
 595 0014 7047     		bx	lr
 596              	.L41:
 597 0016 00BF     		.align	2
 598              	.L40:
 599 0018 002004E0 		.word	-536600576
 600              		.cfi_endproc
 601              	.LFE124:
 603              		.section	.text.HAL_EnableDBGSleepMode,"ax",%progbits
 604              		.align	2
 605              		.global	HAL_EnableDBGSleepMode
 606              		.thumb
 607              		.thumb_func
 609              	HAL_EnableDBGSleepMode:
 610              	.LFB125:
 380:Drivers/STM32F3xx_HAL_Driver/Src/stm32f3xx_hal.c **** 
 381:Drivers/STM32F3xx_HAL_Driver/Src/stm32f3xx_hal.c **** /**
 382:Drivers/STM32F3xx_HAL_Driver/Src/stm32f3xx_hal.c ****   * @brief  Enable the Debug Module during SLEEP mode
 383:Drivers/STM32F3xx_HAL_Driver/Src/stm32f3xx_hal.c ****   * @retval None
 384:Drivers/STM32F3xx_HAL_Driver/Src/stm32f3xx_hal.c ****   */
 385:Drivers/STM32F3xx_HAL_Driver/Src/stm32f3xx_hal.c **** void HAL_EnableDBGSleepMode(void)
 386:Drivers/STM32F3xx_HAL_Driver/Src/stm32f3xx_hal.c **** {
 611              		.loc 1 386 0
 612              		.cfi_startproc
ARM GAS  /tmp/ccpQQrer.s 			page 18


 613              		@ args = 0, pretend = 0, frame = 0
 614              		@ frame_needed = 1, uses_anonymous_args = 0
 615              		@ link register save eliminated.
 616 0000 80B4     		push	{r7}
 617              	.LCFI50:
 618              		.cfi_def_cfa_offset 4
 619              		.cfi_offset 7, -4
 620 0002 00AF     		add	r7, sp, #0
 621              	.LCFI51:
 622              		.cfi_def_cfa_register 7
 387:Drivers/STM32F3xx_HAL_Driver/Src/stm32f3xx_hal.c ****   SET_BIT(DBGMCU->CR, DBGMCU_CR_DBG_SLEEP);
 623              		.loc 1 387 0
 624 0004 054A     		ldr	r2, .L43
 625 0006 054B     		ldr	r3, .L43
 626 0008 5B68     		ldr	r3, [r3, #4]
 627 000a 43F00103 		orr	r3, r3, #1
 628 000e 5360     		str	r3, [r2, #4]
 388:Drivers/STM32F3xx_HAL_Driver/Src/stm32f3xx_hal.c **** }
 629              		.loc 1 388 0
 630 0010 00BF     		nop
 631 0012 BD46     		mov	sp, r7
 632              	.LCFI52:
 633              		.cfi_def_cfa_register 13
 634              		@ sp needed
 635 0014 5DF8047B 		ldr	r7, [sp], #4
 636              	.LCFI53:
 637              		.cfi_restore 7
 638              		.cfi_def_cfa_offset 0
 639 0018 7047     		bx	lr
 640              	.L44:
 641 001a 00BF     		.align	2
 642              	.L43:
 643 001c 002004E0 		.word	-536600576
 644              		.cfi_endproc
 645              	.LFE125:
 647              		.section	.text.HAL_DisableDBGSleepMode,"ax",%progbits
 648              		.align	2
 649              		.global	HAL_DisableDBGSleepMode
 650              		.thumb
 651              		.thumb_func
 653              	HAL_DisableDBGSleepMode:
 654              	.LFB126:
 389:Drivers/STM32F3xx_HAL_Driver/Src/stm32f3xx_hal.c **** 
 390:Drivers/STM32F3xx_HAL_Driver/Src/stm32f3xx_hal.c **** /**
 391:Drivers/STM32F3xx_HAL_Driver/Src/stm32f3xx_hal.c ****   * @brief  Disable the Debug Module during SLEEP mode
 392:Drivers/STM32F3xx_HAL_Driver/Src/stm32f3xx_hal.c ****   * @retval None
 393:Drivers/STM32F3xx_HAL_Driver/Src/stm32f3xx_hal.c ****   */
 394:Drivers/STM32F3xx_HAL_Driver/Src/stm32f3xx_hal.c **** void HAL_DisableDBGSleepMode(void)
 395:Drivers/STM32F3xx_HAL_Driver/Src/stm32f3xx_hal.c **** {
 655              		.loc 1 395 0
 656              		.cfi_startproc
 657              		@ args = 0, pretend = 0, frame = 0
 658              		@ frame_needed = 1, uses_anonymous_args = 0
 659              		@ link register save eliminated.
 660 0000 80B4     		push	{r7}
 661              	.LCFI54:
 662              		.cfi_def_cfa_offset 4
ARM GAS  /tmp/ccpQQrer.s 			page 19


 663              		.cfi_offset 7, -4
 664 0002 00AF     		add	r7, sp, #0
 665              	.LCFI55:
 666              		.cfi_def_cfa_register 7
 396:Drivers/STM32F3xx_HAL_Driver/Src/stm32f3xx_hal.c ****   CLEAR_BIT(DBGMCU->CR, DBGMCU_CR_DBG_SLEEP);
 667              		.loc 1 396 0
 668 0004 054A     		ldr	r2, .L46
 669 0006 054B     		ldr	r3, .L46
 670 0008 5B68     		ldr	r3, [r3, #4]
 671 000a 23F00103 		bic	r3, r3, #1
 672 000e 5360     		str	r3, [r2, #4]
 397:Drivers/STM32F3xx_HAL_Driver/Src/stm32f3xx_hal.c **** }
 673              		.loc 1 397 0
 674 0010 00BF     		nop
 675 0012 BD46     		mov	sp, r7
 676              	.LCFI56:
 677              		.cfi_def_cfa_register 13
 678              		@ sp needed
 679 0014 5DF8047B 		ldr	r7, [sp], #4
 680              	.LCFI57:
 681              		.cfi_restore 7
 682              		.cfi_def_cfa_offset 0
 683 0018 7047     		bx	lr
 684              	.L47:
 685 001a 00BF     		.align	2
 686              	.L46:
 687 001c 002004E0 		.word	-536600576
 688              		.cfi_endproc
 689              	.LFE126:
 691              		.section	.text.HAL_EnableDBGStopMode,"ax",%progbits
 692              		.align	2
 693              		.global	HAL_EnableDBGStopMode
 694              		.thumb
 695              		.thumb_func
 697              	HAL_EnableDBGStopMode:
 698              	.LFB127:
 398:Drivers/STM32F3xx_HAL_Driver/Src/stm32f3xx_hal.c **** 
 399:Drivers/STM32F3xx_HAL_Driver/Src/stm32f3xx_hal.c **** /**
 400:Drivers/STM32F3xx_HAL_Driver/Src/stm32f3xx_hal.c ****   * @brief  Enable the Debug Module during STOP mode
 401:Drivers/STM32F3xx_HAL_Driver/Src/stm32f3xx_hal.c ****   * @retval None
 402:Drivers/STM32F3xx_HAL_Driver/Src/stm32f3xx_hal.c ****   */
 403:Drivers/STM32F3xx_HAL_Driver/Src/stm32f3xx_hal.c **** void HAL_EnableDBGStopMode(void)
 404:Drivers/STM32F3xx_HAL_Driver/Src/stm32f3xx_hal.c **** {
 699              		.loc 1 404 0
 700              		.cfi_startproc
 701              		@ args = 0, pretend = 0, frame = 0
 702              		@ frame_needed = 1, uses_anonymous_args = 0
 703              		@ link register save eliminated.
 704 0000 80B4     		push	{r7}
 705              	.LCFI58:
 706              		.cfi_def_cfa_offset 4
 707              		.cfi_offset 7, -4
 708 0002 00AF     		add	r7, sp, #0
 709              	.LCFI59:
 710              		.cfi_def_cfa_register 7
 405:Drivers/STM32F3xx_HAL_Driver/Src/stm32f3xx_hal.c ****   SET_BIT(DBGMCU->CR, DBGMCU_CR_DBG_STOP);
 711              		.loc 1 405 0
ARM GAS  /tmp/ccpQQrer.s 			page 20


 712 0004 054A     		ldr	r2, .L49
 713 0006 054B     		ldr	r3, .L49
 714 0008 5B68     		ldr	r3, [r3, #4]
 715 000a 43F00203 		orr	r3, r3, #2
 716 000e 5360     		str	r3, [r2, #4]
 406:Drivers/STM32F3xx_HAL_Driver/Src/stm32f3xx_hal.c **** }
 717              		.loc 1 406 0
 718 0010 00BF     		nop
 719 0012 BD46     		mov	sp, r7
 720              	.LCFI60:
 721              		.cfi_def_cfa_register 13
 722              		@ sp needed
 723 0014 5DF8047B 		ldr	r7, [sp], #4
 724              	.LCFI61:
 725              		.cfi_restore 7
 726              		.cfi_def_cfa_offset 0
 727 0018 7047     		bx	lr
 728              	.L50:
 729 001a 00BF     		.align	2
 730              	.L49:
 731 001c 002004E0 		.word	-536600576
 732              		.cfi_endproc
 733              	.LFE127:
 735              		.section	.text.HAL_DisableDBGStopMode,"ax",%progbits
 736              		.align	2
 737              		.global	HAL_DisableDBGStopMode
 738              		.thumb
 739              		.thumb_func
 741              	HAL_DisableDBGStopMode:
 742              	.LFB128:
 407:Drivers/STM32F3xx_HAL_Driver/Src/stm32f3xx_hal.c **** 
 408:Drivers/STM32F3xx_HAL_Driver/Src/stm32f3xx_hal.c **** /**
 409:Drivers/STM32F3xx_HAL_Driver/Src/stm32f3xx_hal.c ****   * @brief  Disable the Debug Module during STOP mode
 410:Drivers/STM32F3xx_HAL_Driver/Src/stm32f3xx_hal.c ****   * @retval None
 411:Drivers/STM32F3xx_HAL_Driver/Src/stm32f3xx_hal.c ****   */
 412:Drivers/STM32F3xx_HAL_Driver/Src/stm32f3xx_hal.c **** void HAL_DisableDBGStopMode(void)
 413:Drivers/STM32F3xx_HAL_Driver/Src/stm32f3xx_hal.c **** {
 743              		.loc 1 413 0
 744              		.cfi_startproc
 745              		@ args = 0, pretend = 0, frame = 0
 746              		@ frame_needed = 1, uses_anonymous_args = 0
 747              		@ link register save eliminated.
 748 0000 80B4     		push	{r7}
 749              	.LCFI62:
 750              		.cfi_def_cfa_offset 4
 751              		.cfi_offset 7, -4
 752 0002 00AF     		add	r7, sp, #0
 753              	.LCFI63:
 754              		.cfi_def_cfa_register 7
 414:Drivers/STM32F3xx_HAL_Driver/Src/stm32f3xx_hal.c ****   CLEAR_BIT(DBGMCU->CR, DBGMCU_CR_DBG_STOP);
 755              		.loc 1 414 0
 756 0004 054A     		ldr	r2, .L52
 757 0006 054B     		ldr	r3, .L52
 758 0008 5B68     		ldr	r3, [r3, #4]
 759 000a 23F00203 		bic	r3, r3, #2
 760 000e 5360     		str	r3, [r2, #4]
 415:Drivers/STM32F3xx_HAL_Driver/Src/stm32f3xx_hal.c **** }
ARM GAS  /tmp/ccpQQrer.s 			page 21


 761              		.loc 1 415 0
 762 0010 00BF     		nop
 763 0012 BD46     		mov	sp, r7
 764              	.LCFI64:
 765              		.cfi_def_cfa_register 13
 766              		@ sp needed
 767 0014 5DF8047B 		ldr	r7, [sp], #4
 768              	.LCFI65:
 769              		.cfi_restore 7
 770              		.cfi_def_cfa_offset 0
 771 0018 7047     		bx	lr
 772              	.L53:
 773 001a 00BF     		.align	2
 774              	.L52:
 775 001c 002004E0 		.word	-536600576
 776              		.cfi_endproc
 777              	.LFE128:
 779              		.section	.text.HAL_EnableDBGStandbyMode,"ax",%progbits
 780              		.align	2
 781              		.global	HAL_EnableDBGStandbyMode
 782              		.thumb
 783              		.thumb_func
 785              	HAL_EnableDBGStandbyMode:
 786              	.LFB129:
 416:Drivers/STM32F3xx_HAL_Driver/Src/stm32f3xx_hal.c **** 
 417:Drivers/STM32F3xx_HAL_Driver/Src/stm32f3xx_hal.c **** /**
 418:Drivers/STM32F3xx_HAL_Driver/Src/stm32f3xx_hal.c ****   * @brief  Enable the Debug Module during STANDBY mode
 419:Drivers/STM32F3xx_HAL_Driver/Src/stm32f3xx_hal.c ****   * @retval None
 420:Drivers/STM32F3xx_HAL_Driver/Src/stm32f3xx_hal.c ****   */
 421:Drivers/STM32F3xx_HAL_Driver/Src/stm32f3xx_hal.c **** void HAL_EnableDBGStandbyMode(void)
 422:Drivers/STM32F3xx_HAL_Driver/Src/stm32f3xx_hal.c **** {
 787              		.loc 1 422 0
 788              		.cfi_startproc
 789              		@ args = 0, pretend = 0, frame = 0
 790              		@ frame_needed = 1, uses_anonymous_args = 0
 791              		@ link register save eliminated.
 792 0000 80B4     		push	{r7}
 793              	.LCFI66:
 794              		.cfi_def_cfa_offset 4
 795              		.cfi_offset 7, -4
 796 0002 00AF     		add	r7, sp, #0
 797              	.LCFI67:
 798              		.cfi_def_cfa_register 7
 423:Drivers/STM32F3xx_HAL_Driver/Src/stm32f3xx_hal.c ****   SET_BIT(DBGMCU->CR, DBGMCU_CR_DBG_STANDBY);
 799              		.loc 1 423 0
 800 0004 054A     		ldr	r2, .L55
 801 0006 054B     		ldr	r3, .L55
 802 0008 5B68     		ldr	r3, [r3, #4]
 803 000a 43F00403 		orr	r3, r3, #4
 804 000e 5360     		str	r3, [r2, #4]
 424:Drivers/STM32F3xx_HAL_Driver/Src/stm32f3xx_hal.c **** }
 805              		.loc 1 424 0
 806 0010 00BF     		nop
 807 0012 BD46     		mov	sp, r7
 808              	.LCFI68:
 809              		.cfi_def_cfa_register 13
 810              		@ sp needed
ARM GAS  /tmp/ccpQQrer.s 			page 22


 811 0014 5DF8047B 		ldr	r7, [sp], #4
 812              	.LCFI69:
 813              		.cfi_restore 7
 814              		.cfi_def_cfa_offset 0
 815 0018 7047     		bx	lr
 816              	.L56:
 817 001a 00BF     		.align	2
 818              	.L55:
 819 001c 002004E0 		.word	-536600576
 820              		.cfi_endproc
 821              	.LFE129:
 823              		.section	.text.HAL_DisableDBGStandbyMode,"ax",%progbits
 824              		.align	2
 825              		.global	HAL_DisableDBGStandbyMode
 826              		.thumb
 827              		.thumb_func
 829              	HAL_DisableDBGStandbyMode:
 830              	.LFB130:
 425:Drivers/STM32F3xx_HAL_Driver/Src/stm32f3xx_hal.c **** 
 426:Drivers/STM32F3xx_HAL_Driver/Src/stm32f3xx_hal.c **** /**
 427:Drivers/STM32F3xx_HAL_Driver/Src/stm32f3xx_hal.c ****   * @brief  Disable the Debug Module during STANDBY mode
 428:Drivers/STM32F3xx_HAL_Driver/Src/stm32f3xx_hal.c ****   * @retval None
 429:Drivers/STM32F3xx_HAL_Driver/Src/stm32f3xx_hal.c ****   */
 430:Drivers/STM32F3xx_HAL_Driver/Src/stm32f3xx_hal.c **** void HAL_DisableDBGStandbyMode(void)
 431:Drivers/STM32F3xx_HAL_Driver/Src/stm32f3xx_hal.c **** {
 831              		.loc 1 431 0
 832              		.cfi_startproc
 833              		@ args = 0, pretend = 0, frame = 0
 834              		@ frame_needed = 1, uses_anonymous_args = 0
 835              		@ link register save eliminated.
 836 0000 80B4     		push	{r7}
 837              	.LCFI70:
 838              		.cfi_def_cfa_offset 4
 839              		.cfi_offset 7, -4
 840 0002 00AF     		add	r7, sp, #0
 841              	.LCFI71:
 842              		.cfi_def_cfa_register 7
 432:Drivers/STM32F3xx_HAL_Driver/Src/stm32f3xx_hal.c ****   CLEAR_BIT(DBGMCU->CR, DBGMCU_CR_DBG_STANDBY);
 843              		.loc 1 432 0
 844 0004 054A     		ldr	r2, .L58
 845 0006 054B     		ldr	r3, .L58
 846 0008 5B68     		ldr	r3, [r3, #4]
 847 000a 23F00403 		bic	r3, r3, #4
 848 000e 5360     		str	r3, [r2, #4]
 433:Drivers/STM32F3xx_HAL_Driver/Src/stm32f3xx_hal.c **** }
 849              		.loc 1 433 0
 850 0010 00BF     		nop
 851 0012 BD46     		mov	sp, r7
 852              	.LCFI72:
 853              		.cfi_def_cfa_register 13
 854              		@ sp needed
 855 0014 5DF8047B 		ldr	r7, [sp], #4
 856              	.LCFI73:
 857              		.cfi_restore 7
 858              		.cfi_def_cfa_offset 0
 859 0018 7047     		bx	lr
 860              	.L59:
ARM GAS  /tmp/ccpQQrer.s 			page 23


 861 001a 00BF     		.align	2
 862              	.L58:
 863 001c 002004E0 		.word	-536600576
 864              		.cfi_endproc
 865              	.LFE130:
 867              		.text
 868              	.Letext0:
 869              		.file 2 "/usr/arm-none-eabi/include/machine/_default_types.h"
 870              		.file 3 "/usr/arm-none-eabi/include/sys/_stdint.h"
 871              		.file 4 "Drivers/CMSIS/Include/core_cm4.h"
 872              		.file 5 "Drivers/CMSIS/Device/ST/STM32F3xx/Include/stm32f303xc.h"
 873              		.file 6 "Drivers/STM32F3xx_HAL_Driver/Inc/stm32f3xx_hal_def.h"
ARM GAS  /tmp/ccpQQrer.s 			page 24


DEFINED SYMBOLS
                            *ABS*:0000000000000000 stm32f3xx_hal.c
     /tmp/ccpQQrer.s:21     .bss.uwTick:0000000000000000 $d
     /tmp/ccpQQrer.s:24     .bss.uwTick:0000000000000000 uwTick
     /tmp/ccpQQrer.s:27     .text.HAL_Init:0000000000000000 $t
     /tmp/ccpQQrer.s:32     .text.HAL_Init:0000000000000000 HAL_Init
     /tmp/ccpQQrer.s:205    .text.HAL_InitTick:0000000000000000 HAL_InitTick
     /tmp/ccpQQrer.s:137    .text.HAL_MspInit:0000000000000000 HAL_MspInit
     /tmp/ccpQQrer.s:69     .text.HAL_Init:0000000000000028 $d
     /tmp/ccpQQrer.s:74     .text.HAL_DeInit:0000000000000000 $t
     /tmp/ccpQQrer.s:79     .text.HAL_DeInit:0000000000000000 HAL_DeInit
     /tmp/ccpQQrer.s:171    .text.HAL_MspDeInit:0000000000000000 HAL_MspDeInit
     /tmp/ccpQQrer.s:127    .text.HAL_DeInit:0000000000000038 $d
     /tmp/ccpQQrer.s:132    .text.HAL_MspInit:0000000000000000 $t
     /tmp/ccpQQrer.s:166    .text.HAL_MspDeInit:0000000000000000 $t
     /tmp/ccpQQrer.s:200    .text.HAL_InitTick:0000000000000000 $t
     /tmp/ccpQQrer.s:251    .text.HAL_InitTick:0000000000000034 $d
     /tmp/ccpQQrer.s:256    .text.HAL_IncTick:0000000000000000 $t
     /tmp/ccpQQrer.s:261    .text.HAL_IncTick:0000000000000000 HAL_IncTick
     /tmp/ccpQQrer.s:295    .text.HAL_IncTick:0000000000000018 $d
     /tmp/ccpQQrer.s:300    .text.HAL_GetTick:0000000000000000 $t
     /tmp/ccpQQrer.s:305    .text.HAL_GetTick:0000000000000000 HAL_GetTick
     /tmp/ccpQQrer.s:336    .text.HAL_GetTick:0000000000000014 $d
     /tmp/ccpQQrer.s:341    .text.HAL_Delay:0000000000000000 $t
     /tmp/ccpQQrer.s:346    .text.HAL_Delay:0000000000000000 HAL_Delay
     /tmp/ccpQQrer.s:392    .text.HAL_SuspendTick:0000000000000000 $t
     /tmp/ccpQQrer.s:397    .text.HAL_SuspendTick:0000000000000000 HAL_SuspendTick
     /tmp/ccpQQrer.s:431    .text.HAL_SuspendTick:000000000000001c $d
     /tmp/ccpQQrer.s:436    .text.HAL_ResumeTick:0000000000000000 $t
     /tmp/ccpQQrer.s:441    .text.HAL_ResumeTick:0000000000000000 HAL_ResumeTick
     /tmp/ccpQQrer.s:475    .text.HAL_ResumeTick:000000000000001c $d
     /tmp/ccpQQrer.s:480    .text.HAL_GetHalVersion:0000000000000000 $t
     /tmp/ccpQQrer.s:485    .text.HAL_GetHalVersion:0000000000000000 HAL_GetHalVersion
     /tmp/ccpQQrer.s:515    .text.HAL_GetHalVersion:0000000000000010 $d
     /tmp/ccpQQrer.s:520    .text.HAL_GetREVID:0000000000000000 $t
     /tmp/ccpQQrer.s:525    .text.HAL_GetREVID:0000000000000000 HAL_GetREVID
     /tmp/ccpQQrer.s:557    .text.HAL_GetREVID:0000000000000014 $d
     /tmp/ccpQQrer.s:562    .text.HAL_GetDEVID:0000000000000000 $t
     /tmp/ccpQQrer.s:567    .text.HAL_GetDEVID:0000000000000000 HAL_GetDEVID
     /tmp/ccpQQrer.s:599    .text.HAL_GetDEVID:0000000000000018 $d
     /tmp/ccpQQrer.s:604    .text.HAL_EnableDBGSleepMode:0000000000000000 $t
     /tmp/ccpQQrer.s:609    .text.HAL_EnableDBGSleepMode:0000000000000000 HAL_EnableDBGSleepMode
     /tmp/ccpQQrer.s:643    .text.HAL_EnableDBGSleepMode:000000000000001c $d
     /tmp/ccpQQrer.s:648    .text.HAL_DisableDBGSleepMode:0000000000000000 $t
     /tmp/ccpQQrer.s:653    .text.HAL_DisableDBGSleepMode:0000000000000000 HAL_DisableDBGSleepMode
     /tmp/ccpQQrer.s:687    .text.HAL_DisableDBGSleepMode:000000000000001c $d
     /tmp/ccpQQrer.s:692    .text.HAL_EnableDBGStopMode:0000000000000000 $t
     /tmp/ccpQQrer.s:697    .text.HAL_EnableDBGStopMode:0000000000000000 HAL_EnableDBGStopMode
     /tmp/ccpQQrer.s:731    .text.HAL_EnableDBGStopMode:000000000000001c $d
     /tmp/ccpQQrer.s:736    .text.HAL_DisableDBGStopMode:0000000000000000 $t
     /tmp/ccpQQrer.s:741    .text.HAL_DisableDBGStopMode:0000000000000000 HAL_DisableDBGStopMode
     /tmp/ccpQQrer.s:775    .text.HAL_DisableDBGStopMode:000000000000001c $d
     /tmp/ccpQQrer.s:780    .text.HAL_EnableDBGStandbyMode:0000000000000000 $t
     /tmp/ccpQQrer.s:785    .text.HAL_EnableDBGStandbyMode:0000000000000000 HAL_EnableDBGStandbyMode
     /tmp/ccpQQrer.s:819    .text.HAL_EnableDBGStandbyMode:000000000000001c $d
     /tmp/ccpQQrer.s:824    .text.HAL_DisableDBGStandbyMode:0000000000000000 $t
     /tmp/ccpQQrer.s:829    .text.HAL_DisableDBGStandbyMode:0000000000000000 HAL_DisableDBGStandbyMode
ARM GAS  /tmp/ccpQQrer.s 			page 25


     /tmp/ccpQQrer.s:863    .text.HAL_DisableDBGStandbyMode:000000000000001c $d
                     .debug_frame:0000000000000010 $d

UNDEFINED SYMBOLS
HAL_NVIC_SetPriorityGrouping
HAL_RCC_GetHCLKFreq
HAL_SYSTICK_Config
HAL_NVIC_SetPriority
