ARM GAS  /tmp/ccfWPccm.s 			page 1


   1              		.syntax unified
   2              		.cpu cortex-m4
   3              		.eabi_attribute 27, 1
   4              		.fpu fpv4-sp-d16
   5              		.eabi_attribute 20, 1
   6              		.eabi_attribute 21, 1
   7              		.eabi_attribute 23, 3
   8              		.eabi_attribute 24, 1
   9              		.eabi_attribute 25, 1
  10              		.eabi_attribute 26, 1
  11              		.eabi_attribute 30, 6
  12              		.eabi_attribute 34, 1
  13              		.eabi_attribute 18, 4
  14              		.thumb
  15              		.syntax unified
  16              		.file	"stm32f3xx_hal_msp.c"
  17              		.text
  18              	.Ltext0:
  19              		.cfi_sections	.debug_frame
  20              		.section	.text.HAL_MspInit,"ax",%progbits
  21              		.align	2
  22              		.global	HAL_MspInit
  23              		.thumb
  24              		.thumb_func
  26              	HAL_MspInit:
  27              	.LFB112:
  28              		.file 1 "Src/stm32f3xx_hal_msp.c"
   1:Src/stm32f3xx_hal_msp.c **** /**
   2:Src/stm32f3xx_hal_msp.c ****   ******************************************************************************
   3:Src/stm32f3xx_hal_msp.c ****   * File Name          : stm32f3xx_hal_msp.c
   4:Src/stm32f3xx_hal_msp.c ****   * Date               : 26/05/2015 10:05:17
   5:Src/stm32f3xx_hal_msp.c ****   * Description        : This file provides code for the MSP Initialization 
   6:Src/stm32f3xx_hal_msp.c ****   *                      and de-Initialization codes.
   7:Src/stm32f3xx_hal_msp.c ****   ******************************************************************************
   8:Src/stm32f3xx_hal_msp.c ****   *
   9:Src/stm32f3xx_hal_msp.c ****   * COPYRIGHT(c) 2015 STMicroelectronics
  10:Src/stm32f3xx_hal_msp.c ****   *
  11:Src/stm32f3xx_hal_msp.c ****   * Redistribution and use in source and binary forms, with or without modification,
  12:Src/stm32f3xx_hal_msp.c ****   * are permitted provided that the following conditions are met:
  13:Src/stm32f3xx_hal_msp.c ****   *   1. Redistributions of source code must retain the above copyright notice,
  14:Src/stm32f3xx_hal_msp.c ****   *      this list of conditions and the following disclaimer.
  15:Src/stm32f3xx_hal_msp.c ****   *   2. Redistributions in binary form must reproduce the above copyright notice,
  16:Src/stm32f3xx_hal_msp.c ****   *      this list of conditions and the following disclaimer in the documentation
  17:Src/stm32f3xx_hal_msp.c ****   *      and/or other materials provided with the distribution.
  18:Src/stm32f3xx_hal_msp.c ****   *   3. Neither the name of STMicroelectronics nor the names of its contributors
  19:Src/stm32f3xx_hal_msp.c ****   *      may be used to endorse or promote products derived from this software
  20:Src/stm32f3xx_hal_msp.c ****   *      without specific prior written permission.
  21:Src/stm32f3xx_hal_msp.c ****   *
  22:Src/stm32f3xx_hal_msp.c ****   * THIS SOFTWARE IS PROVIDED BY THE COPYRIGHT HOLDERS AND CONTRIBUTORS "AS IS"
  23:Src/stm32f3xx_hal_msp.c ****   * AND ANY EXPRESS OR IMPLIED WARRANTIES, INCLUDING, BUT NOT LIMITED TO, THE
  24:Src/stm32f3xx_hal_msp.c ****   * IMPLIED WARRANTIES OF MERCHANTABILITY AND FITNESS FOR A PARTICULAR PURPOSE ARE
  25:Src/stm32f3xx_hal_msp.c ****   * DISCLAIMED. IN NO EVENT SHALL THE COPYRIGHT HOLDER OR CONTRIBUTORS BE LIABLE
  26:Src/stm32f3xx_hal_msp.c ****   * FOR ANY DIRECT, INDIRECT, INCIDENTAL, SPECIAL, EXEMPLARY, OR CONSEQUENTIAL
  27:Src/stm32f3xx_hal_msp.c ****   * DAMAGES (INCLUDING, BUT NOT LIMITED TO, PROCUREMENT OF SUBSTITUTE GOODS OR
  28:Src/stm32f3xx_hal_msp.c ****   * SERVICES; LOSS OF USE, DATA, OR PROFITS; OR BUSINESS INTERRUPTION) HOWEVER
  29:Src/stm32f3xx_hal_msp.c ****   * CAUSED AND ON ANY THEORY OF LIABILITY, WHETHER IN CONTRACT, STRICT LIABILITY,
  30:Src/stm32f3xx_hal_msp.c ****   * OR TORT (INCLUDING NEGLIGENCE OR OTHERWISE) ARISING IN ANY WAY OUT OF THE USE
ARM GAS  /tmp/ccfWPccm.s 			page 2


  31:Src/stm32f3xx_hal_msp.c ****   * OF THIS SOFTWARE, EVEN IF ADVISED OF THE POSSIBILITY OF SUCH DAMAGE.
  32:Src/stm32f3xx_hal_msp.c ****   *
  33:Src/stm32f3xx_hal_msp.c ****   ******************************************************************************
  34:Src/stm32f3xx_hal_msp.c ****   */
  35:Src/stm32f3xx_hal_msp.c **** /* Includes ------------------------------------------------------------------*/
  36:Src/stm32f3xx_hal_msp.c **** #include "stm32f3xx_hal.h"
  37:Src/stm32f3xx_hal_msp.c **** 
  38:Src/stm32f3xx_hal_msp.c **** /* USER CODE BEGIN 0 */
  39:Src/stm32f3xx_hal_msp.c **** 
  40:Src/stm32f3xx_hal_msp.c **** /* USER CODE END 0 */
  41:Src/stm32f3xx_hal_msp.c **** 
  42:Src/stm32f3xx_hal_msp.c **** /**
  43:Src/stm32f3xx_hal_msp.c ****   * Initializes the Global MSP.
  44:Src/stm32f3xx_hal_msp.c ****   */
  45:Src/stm32f3xx_hal_msp.c **** void HAL_MspInit(void)
  46:Src/stm32f3xx_hal_msp.c **** {
  29              		.loc 1 46 0
  30              		.cfi_startproc
  31              		@ args = 0, pretend = 0, frame = 0
  32              		@ frame_needed = 1, uses_anonymous_args = 0
  33 0000 80B5     		push	{r7, lr}
  34              	.LCFI0:
  35              		.cfi_def_cfa_offset 8
  36              		.cfi_offset 7, -8
  37              		.cfi_offset 14, -4
  38 0002 00AF     		add	r7, sp, #0
  39              	.LCFI1:
  40              		.cfi_def_cfa_register 7
  47:Src/stm32f3xx_hal_msp.c ****   /* USER CODE BEGIN MspInit 0 */
  48:Src/stm32f3xx_hal_msp.c **** 
  49:Src/stm32f3xx_hal_msp.c ****   /* USER CODE END MspInit 0 */
  50:Src/stm32f3xx_hal_msp.c **** 
  51:Src/stm32f3xx_hal_msp.c ****   HAL_NVIC_SetPriorityGrouping(NVIC_PRIORITYGROUP_4);
  41              		.loc 1 51 0
  42 0004 0320     		movs	r0, #3
  43 0006 FFF7FEFF 		bl	HAL_NVIC_SetPriorityGrouping
  52:Src/stm32f3xx_hal_msp.c **** 
  53:Src/stm32f3xx_hal_msp.c ****   /* System interrupt init*/
  54:Src/stm32f3xx_hal_msp.c **** /* SysTick_IRQn interrupt configuration */
  55:Src/stm32f3xx_hal_msp.c ****   HAL_NVIC_SetPriority(SysTick_IRQn, 0, 0);
  44              		.loc 1 55 0
  45 000a 0022     		movs	r2, #0
  46 000c 0021     		movs	r1, #0
  47 000e 4FF0FF30 		mov	r0, #-1
  48 0012 FFF7FEFF 		bl	HAL_NVIC_SetPriority
  56:Src/stm32f3xx_hal_msp.c **** 
  57:Src/stm32f3xx_hal_msp.c ****   /* USER CODE BEGIN MspInit 1 */
  58:Src/stm32f3xx_hal_msp.c **** 
  59:Src/stm32f3xx_hal_msp.c ****   /* USER CODE END MspInit 1 */
  60:Src/stm32f3xx_hal_msp.c **** }
  49              		.loc 1 60 0
  50 0016 00BF     		nop
  51 0018 80BD     		pop	{r7, pc}
  52              		.cfi_endproc
  53              	.LFE112:
  55 001a 00BF     		.text
  56              	.Letext0:
ARM GAS  /tmp/ccfWPccm.s 			page 3


  57              		.file 2 "/usr/arm-none-eabi/include/machine/_default_types.h"
  58              		.file 3 "/usr/arm-none-eabi/include/sys/_stdint.h"
  59              		.file 4 "Drivers/CMSIS/Device/ST/STM32F3xx/Include/stm32f303xc.h"
  60              		.file 5 "Drivers/CMSIS/Include/core_cm4.h"
ARM GAS  /tmp/ccfWPccm.s 			page 4


DEFINED SYMBOLS
                            *ABS*:0000000000000000 stm32f3xx_hal_msp.c
     /tmp/ccfWPccm.s:21     .text.HAL_MspInit:0000000000000000 $t
     /tmp/ccfWPccm.s:26     .text.HAL_MspInit:0000000000000000 HAL_MspInit
                     .debug_frame:0000000000000010 $d

UNDEFINED SYMBOLS
HAL_NVIC_SetPriorityGrouping
HAL_NVIC_SetPriority
