ARM GAS  /tmp/ccsd3gHH.s 			page 1


   1              		.syntax unified
   2              		.cpu cortex-m4
   3              		.eabi_attribute 27, 1
   4              		.fpu fpv4-sp-d16
   5              		.eabi_attribute 20, 1
   6              		.eabi_attribute 21, 1
   7              		.eabi_attribute 23, 3
   8              		.eabi_attribute 24, 1
   9              		.eabi_attribute 25, 1
  10              		.eabi_attribute 26, 1
  11              		.eabi_attribute 30, 6
  12              		.eabi_attribute 34, 1
  13              		.eabi_attribute 18, 4
  14              		.thumb
  15              		.syntax unified
  16              		.file	"usb_device.c"
  17              		.text
  18              	.Ltext0:
  19              		.cfi_sections	.debug_frame
  20              		.comm	hUsbDeviceFS,548,4
  21              		.section	.text.MX_USB_DEVICE_Init,"ax",%progbits
  22              		.align	2
  23              		.global	MX_USB_DEVICE_Init
  24              		.thumb
  25              		.thumb_func
  27              	MX_USB_DEVICE_Init:
  28              	.LFB112:
  29              		.file 1 "Src/usb_device.c"
   1:Src/usb_device.c **** /**
   2:Src/usb_device.c ****   ******************************************************************************
   3:Src/usb_device.c ****   * @file           : USB_DEVICE
   4:Src/usb_device.c ****   * @date           : 26/05/2015 10:05:16  
   5:Src/usb_device.c ****   * @version        : v1.0_Cube
   6:Src/usb_device.c ****   * @brief          : This file implements the USB Device 
   7:Src/usb_device.c ****   ******************************************************************************
   8:Src/usb_device.c ****   *
   9:Src/usb_device.c ****   * COPYRIGHT(c) 2015 STMicroelectronics
  10:Src/usb_device.c ****   *
  11:Src/usb_device.c ****   * Redistribution and use in source and binary forms, with or without modification,
  12:Src/usb_device.c ****   * are permitted provided that the following conditions are met:
  13:Src/usb_device.c ****   * 1. Redistributions of source code must retain the above copyright notice,
  14:Src/usb_device.c ****   * this list of conditions and the following disclaimer.
  15:Src/usb_device.c ****   * 2. Redistributions in binary form must reproduce the above copyright notice,
  16:Src/usb_device.c ****   * this list of conditions and the following disclaimer in the documentation
  17:Src/usb_device.c ****   * and/or other materials provided with the distribution.
  18:Src/usb_device.c ****   * 3. Neither the name of STMicroelectronics nor the names of its contributors
  19:Src/usb_device.c ****   * may be used to endorse or promote products derived from this software
  20:Src/usb_device.c ****   * without specific prior written permission.
  21:Src/usb_device.c ****   *
  22:Src/usb_device.c ****   * THIS SOFTWARE IS PROVIDED BY THE COPYRIGHT HOLDERS AND CONTRIBUTORS "AS IS"
  23:Src/usb_device.c ****   * AND ANY EXPRESS OR IMPLIED WARRANTIES, INCLUDING, BUT NOT LIMITED TO, THE
  24:Src/usb_device.c ****   * IMPLIED WARRANTIES OF MERCHANTABILITY AND FITNESS FOR A PARTICULAR PURPOSE ARE
  25:Src/usb_device.c ****   * DISCLAIMED. IN NO EVENT SHALL THE COPYRIGHT HOLDER OR CONTRIBUTORS BE LIABLE
  26:Src/usb_device.c ****   * FOR ANY DIRECT, INDIRECT, INCIDENTAL, SPECIAL, EXEMPLARY, OR CONSEQUENTIAL
  27:Src/usb_device.c ****   * DAMAGES (INCLUDING, BUT NOT LIMITED TO, PROCUREMENT OF SUBSTITUTE GOODS OR
  28:Src/usb_device.c ****   * SERVICES; LOSS OF USE, DATA, OR PROFITS; OR BUSINESS INTERRUPTION) HOWEVER
  29:Src/usb_device.c ****   * CAUSED AND ON ANY THEORY OF LIABILITY, WHETHER IN CONTRACT, STRICT LIABILITY,
ARM GAS  /tmp/ccsd3gHH.s 			page 2


  30:Src/usb_device.c ****   * OR TORT (INCLUDING NEGLIGENCE OR OTHERWISE) ARISING IN ANY WAY OUT OF THE USE
  31:Src/usb_device.c ****   * OF THIS SOFTWARE, EVEN IF ADVISED OF THE POSSIBILITY OF SUCH DAMAGE.
  32:Src/usb_device.c ****   *
  33:Src/usb_device.c ****   ******************************************************************************
  34:Src/usb_device.c **** */
  35:Src/usb_device.c **** 
  36:Src/usb_device.c **** /* Includes ------------------------------------------------------------------*/
  37:Src/usb_device.c **** 
  38:Src/usb_device.c **** #include "usb_device.h"
  39:Src/usb_device.c **** #include "usbd_core.h"
  40:Src/usb_device.c **** #include "usbd_desc.h"
  41:Src/usb_device.c **** #include "usbd_audio.h"
  42:Src/usb_device.c **** #include "usbd_audio_if.h"
  43:Src/usb_device.c **** 
  44:Src/usb_device.c **** /* USB Device Core handle declaration */
  45:Src/usb_device.c **** USBD_HandleTypeDef hUsbDeviceFS;
  46:Src/usb_device.c **** 
  47:Src/usb_device.c **** /* init function */				        
  48:Src/usb_device.c **** void MX_USB_DEVICE_Init(void)
  49:Src/usb_device.c **** {
  30              		.loc 1 49 0
  31              		.cfi_startproc
  32              		@ args = 0, pretend = 0, frame = 0
  33              		@ frame_needed = 1, uses_anonymous_args = 0
  34 0000 80B5     		push	{r7, lr}
  35              	.LCFI0:
  36              		.cfi_def_cfa_offset 8
  37              		.cfi_offset 7, -8
  38              		.cfi_offset 14, -4
  39 0002 00AF     		add	r7, sp, #0
  40              	.LCFI1:
  41              		.cfi_def_cfa_register 7
  50:Src/usb_device.c ****   /* Init Device Library,Add Supported Class and Start the library*/
  51:Src/usb_device.c ****   USBD_Init(&hUsbDeviceFS, &FS_Desc, DEVICE_FS);
  42              		.loc 1 51 0
  43 0004 0022     		movs	r2, #0
  44 0006 0849     		ldr	r1, .L2
  45 0008 0848     		ldr	r0, .L2+4
  46 000a FFF7FEFF 		bl	USBD_Init
  52:Src/usb_device.c **** 
  53:Src/usb_device.c ****   USBD_RegisterClass(&hUsbDeviceFS, &USBD_AUDIO);
  47              		.loc 1 53 0
  48 000e 0849     		ldr	r1, .L2+8
  49 0010 0648     		ldr	r0, .L2+4
  50 0012 FFF7FEFF 		bl	USBD_RegisterClass
  54:Src/usb_device.c **** 
  55:Src/usb_device.c ****   USBD_AUDIO_RegisterInterface(&hUsbDeviceFS, &USBD_AUDIO_fops_FS);
  51              		.loc 1 55 0
  52 0016 0749     		ldr	r1, .L2+12
  53 0018 0448     		ldr	r0, .L2+4
  54 001a FFF7FEFF 		bl	USBD_AUDIO_RegisterInterface
  56:Src/usb_device.c **** 
  57:Src/usb_device.c ****   USBD_Start(&hUsbDeviceFS);
  55              		.loc 1 57 0
  56 001e 0348     		ldr	r0, .L2+4
  57 0020 FFF7FEFF 		bl	USBD_Start
  58:Src/usb_device.c **** 
ARM GAS  /tmp/ccsd3gHH.s 			page 3


  59:Src/usb_device.c **** }
  58              		.loc 1 59 0
  59 0024 00BF     		nop
  60 0026 80BD     		pop	{r7, pc}
  61              	.L3:
  62              		.align	2
  63              	.L2:
  64 0028 00000000 		.word	FS_Desc
  65 002c 00000000 		.word	hUsbDeviceFS
  66 0030 00000000 		.word	USBD_AUDIO
  67 0034 00000000 		.word	USBD_AUDIO_fops_FS
  68              		.cfi_endproc
  69              	.LFE112:
  71              		.text
  72              	.Letext0:
  73              		.file 2 "/usr/arm-none-eabi/include/machine/_default_types.h"
  74              		.file 3 "/usr/arm-none-eabi/include/sys/_stdint.h"
  75              		.file 4 "Middlewares/ST/STM32_USB_Device_Library/Core/Inc/usbd_def.h"
  76              		.file 5 "Middlewares/ST/STM32_USB_Device_Library/Class/AUDIO/Inc/usbd_audio.h"
  77              		.file 6 "Drivers/CMSIS/Include/core_cm4.h"
  78              		.file 7 "Inc/usbd_desc.h"
  79              		.file 8 "Inc/usbd_audio_if.h"
ARM GAS  /tmp/ccsd3gHH.s 			page 4


DEFINED SYMBOLS
                            *ABS*:0000000000000000 usb_device.c
                            *COM*:0000000000000224 hUsbDeviceFS
     /tmp/ccsd3gHH.s:22     .text.MX_USB_DEVICE_Init:0000000000000000 $t
     /tmp/ccsd3gHH.s:27     .text.MX_USB_DEVICE_Init:0000000000000000 MX_USB_DEVICE_Init
     /tmp/ccsd3gHH.s:64     .text.MX_USB_DEVICE_Init:0000000000000028 $d
                     .debug_frame:0000000000000010 $d

UNDEFINED SYMBOLS
USBD_Init
USBD_RegisterClass
USBD_AUDIO_RegisterInterface
USBD_Start
FS_Desc
USBD_AUDIO
USBD_AUDIO_fops_FS
